-- Found ament_cmake: 0.9.9 (/opt/ros/foxy/share/ament_cmake/cmake)
-- Using PYTHON_EXECUTABLE: /usr/bin/python3
-- Override CMake install command with custom implementation using symlinks instead of copying resources
-- Found rclpy: 1.0.8 (/opt/ros/foxy/share/rclpy/cmake)
-- Found std_msgs: 2.0.5 (/opt/ros/foxy/share/std_msgs/cmake)
-- Using all available rosidl_typesupport_c: rosidl_typesupport_fastrtps_c;rosidl_typesupport_introspection_c
-- Found rosidl_adapter: 1.2.1 (/opt/ros/foxy/share/rosidl_adapter/cmake)
-- Using all available rosidl_typesupport_cpp: rosidl_typesupport_fastrtps_cpp;rosidl_typesupport_introspection_cpp
-- Found geometry_msgs: 2.0.5 (/opt/ros/foxy/share/geometry_msgs/cmake)
-- Found sensor_msgs: 2.0.5 (/opt/ros/foxy/share/sensor_msgs/cmake)
-- Found ament_lint_auto: 0.9.6 (/opt/ros/foxy/share/ament_lint_auto/cmake)
-- Added test 'copyright' to check source files copyright and LICENSE
-- Added test 'flake8' to check Python code syntax and style conventions
-- Added test 'lint_cmake' to check CMake code style
-- Added test 'pep257' to check Python code against some of the style conventions in PEP 257
-- Added test 'xmllint' to check XML markup files
-- Configuring done
-- Generating done
-- Build files have been written to: /home/ubuntu/turtlebot3_ws/build/robot
-- Install configuration: ""
-- Execute custom install script
-- Up-to-date symlink: /home/ubuntu/turtlebot3_ws/install/robot/lib/robot/robot.py
-- Up-to-date symlink: /home/ubuntu/turtlebot3_ws/install/robot/share/ament_index/resource_index/package_run_dependencies/robot
-- Up-to-date symlink: /home/ubuntu/turtlebot3_ws/install/robot/share/ament_index/resource_index/parent_prefix_path/robot
-- Up-to-date symlink: /home/ubuntu/turtlebot3_ws/install/robot/share/robot/environment/ament_prefix_path.sh
-- Up-to-date symlink: /home/ubuntu/turtlebot3_ws/install/robot/share/robot/environment/ament_prefix_path.dsv
-- Up-to-date symlink: /home/ubuntu/turtlebot3_ws/install/robot/share/robot/environment/path.sh
-- Up-to-date symlink: /home/ubuntu/turtlebot3_ws/install/robot/share/robot/environment/path.dsv
-- Up-to-date symlink: /home/ubuntu/turtlebot3_ws/install/robot/share/robot/local_setup.bash
-- Up-to-date symlink: /home/ubuntu/turtlebot3_ws/install/robot/share/robot/local_setup.sh
-- Up-to-date symlink: /home/ubuntu/turtlebot3_ws/install/robot/share/robot/local_setup.zsh
-- Up-to-date symlink: /home/ubuntu/turtlebot3_ws/install/robot/share/robot/local_setup.dsv
-- Symlinking: /home/ubuntu/turtlebot3_ws/install/robot/share/robot/package.dsv
-- Up-to-date symlink: /home/ubuntu/turtlebot3_ws/install/robot/share/ament_index/resource_index/packages/robot
-- Up-to-date symlink: /home/ubuntu/turtlebot3_ws/install/robot/share/robot/cmake/robotConfig.cmake
-- Up-to-date symlink: /home/ubuntu/turtlebot3_ws/install/robot/share/robot/cmake/robotConfig-version.cmake
-- Up-to-date symlink: /home/ubuntu/turtlebot3_ws/install/robot/share/robot/package.xml
