[0.055s] Invoking command in '/home/ubuntu/turtlebot3_ws/build/robot': CMAKE_PREFIX_PATH=${CMAKE_PREFIX_PATH}:/home/ubuntu/turtlebot3_ws/install/turtlebot3_teleop:/home/ubuntu/turtlebot3_ws/install/turtlebot3_example:/opt/ros/foxy /usr/bin/cmake /home/ubuntu/turtlebot3_ws/src/robot -DCMAKE_INSTALL_PREFIX=/home/ubuntu/turtlebot3_ws/install/robot
[0.120s] -- Found ament_cmake: 0.9.9 (/opt/ros/foxy/share/ament_cmake/cmake)
[0.249s] -- Using PYTHON_EXECUTABLE: /usr/bin/python3
[0.995s] -- Override CMake install command with custom implementation using symlinks instead of copying resources
[1.030s] -- Found rclpy: 1.0.8 (/opt/ros/foxy/share/rclpy/cmake)
[1.030s] -- Found std_msgs: 2.0.5 (/opt/ros/foxy/share/std_msgs/cmake)
[1.150s] -- Using all available rosidl_typesupport_c: rosidl_typesupport_fastrtps_c;rosidl_typesupport_introspection_c
[1.166s] -- Found rosidl_adapter: 1.2.1 (/opt/ros/foxy/share/rosidl_adapter/cmake)
[1.915s] -- Using all available rosidl_typesupport_cpp: rosidl_typesupport_fastrtps_cpp;rosidl_typesupport_introspection_cpp
[2.097s] -- Found geometry_msgs: 2.0.5 (/opt/ros/foxy/share/geometry_msgs/cmake)
[2.233s] -- Found sensor_msgs: 2.0.5 (/opt/ros/foxy/share/sensor_msgs/cmake)
[2.517s] -- Found ament_lint_auto: 0.9.6 (/opt/ros/foxy/share/ament_lint_auto/cmake)
[2.828s] -- Added test 'copyright' to check source files copyright and LICENSE
[2.839s] -- Added test 'flake8' to check Python code syntax and style conventions
[2.841s] -- Added test 'lint_cmake' to check CMake code style
[2.843s] -- Added test 'pep257' to check Python code against some of the style conventions in PEP 257
[2.848s] -- Added test 'xmllint' to check XML markup files
[2.866s] -- Configuring done
[2.878s] -- Generating done
[2.884s] -- Build files have been written to: /home/ubuntu/turtlebot3_ws/build/robot
[2.902s] Invoked command in '/home/ubuntu/turtlebot3_ws/build/robot' returned '0': CMAKE_PREFIX_PATH=${CMAKE_PREFIX_PATH}:/home/ubuntu/turtlebot3_ws/install/turtlebot3_teleop:/home/ubuntu/turtlebot3_ws/install/turtlebot3_example:/opt/ros/foxy /usr/bin/cmake /home/ubuntu/turtlebot3_ws/src/robot -DCMAKE_INSTALL_PREFIX=/home/ubuntu/turtlebot3_ws/install/robot
[2.913s] Invoking command in '/home/ubuntu/turtlebot3_ws/build/robot': CMAKE_PREFIX_PATH=${CMAKE_PREFIX_PATH}:/home/ubuntu/turtlebot3_ws/install/turtlebot3_teleop:/home/ubuntu/turtlebot3_ws/install/turtlebot3_example:/opt/ros/foxy /usr/bin/cmake --build /home/ubuntu/turtlebot3_ws/build/robot -- -j4 -l4
[3.078s] Invoked command in '/home/ubuntu/turtlebot3_ws/build/robot' returned '0': CMAKE_PREFIX_PATH=${CMAKE_PREFIX_PATH}:/home/ubuntu/turtlebot3_ws/install/turtlebot3_teleop:/home/ubuntu/turtlebot3_ws/install/turtlebot3_example:/opt/ros/foxy /usr/bin/cmake --build /home/ubuntu/turtlebot3_ws/build/robot -- -j4 -l4
[3.223s] Invoking command in '/home/ubuntu/turtlebot3_ws/build/robot': CMAKE_PREFIX_PATH=${CMAKE_PREFIX_PATH}:/home/ubuntu/turtlebot3_ws/install/turtlebot3_teleop:/home/ubuntu/turtlebot3_ws/install/turtlebot3_example:/opt/ros/foxy /usr/bin/cmake --install /home/ubuntu/turtlebot3_ws/build/robot
[3.257s] -- Install configuration: ""
[3.260s] -- Execute custom install script
[3.261s] -- Up-to-date symlink: /home/ubuntu/turtlebot3_ws/install/robot/lib/robot/robot.py
[3.264s] -- Up-to-date symlink: /home/ubuntu/turtlebot3_ws/install/robot/share/ament_index/resource_index/package_run_dependencies/robot
[3.265s] -- Up-to-date symlink: /home/ubuntu/turtlebot3_ws/install/robot/share/ament_index/resource_index/parent_prefix_path/robot
[3.267s] -- Up-to-date symlink: /home/ubuntu/turtlebot3_ws/install/robot/share/robot/environment/ament_prefix_path.sh
[3.269s] -- Up-to-date symlink: /home/ubuntu/turtlebot3_ws/install/robot/share/robot/environment/ament_prefix_path.dsv
[3.270s] -- Up-to-date symlink: /home/ubuntu/turtlebot3_ws/install/robot/share/robot/environment/path.sh
[3.272s] -- Up-to-date symlink: /home/ubuntu/turtlebot3_ws/install/robot/share/robot/environment/path.dsv
[3.274s] -- Up-to-date symlink: /home/ubuntu/turtlebot3_ws/install/robot/share/robot/local_setup.bash
[3.275s] -- Up-to-date symlink: /home/ubuntu/turtlebot3_ws/install/robot/share/robot/local_setup.sh
[3.276s] -- Up-to-date symlink: /home/ubuntu/turtlebot3_ws/install/robot/share/robot/local_setup.zsh
[3.278s] -- Up-to-date symlink: /home/ubuntu/turtlebot3_ws/install/robot/share/robot/local_setup.dsv
[3.279s] -- Symlinking: /home/ubuntu/turtlebot3_ws/install/robot/share/robot/package.dsv
[3.315s] -- Up-to-date symlink: /home/ubuntu/turtlebot3_ws/install/robot/share/ament_index/resource_index/packages/robot
[3.317s] -- Up-to-date symlink: /home/ubuntu/turtlebot3_ws/install/robot/share/robot/cmake/robotConfig.cmake
[3.318s] -- Up-to-date symlink: /home/ubuntu/turtlebot3_ws/install/robot/share/robot/cmake/robotConfig-version.cmake
[3.320s] -- Up-to-date symlink: /home/ubuntu/turtlebot3_ws/install/robot/share/robot/package.xml
[3.327s] Invoked command in '/home/ubuntu/turtlebot3_ws/build/robot' returned '0': CMAKE_PREFIX_PATH=${CMAKE_PREFIX_PATH}:/home/ubuntu/turtlebot3_ws/install/turtlebot3_teleop:/home/ubuntu/turtlebot3_ws/install/turtlebot3_example:/opt/ros/foxy /usr/bin/cmake --install /home/ubuntu/turtlebot3_ws/build/robot
