[2.058s] Invoking command in '/home/ubuntu/turtlebot3_ws/build/turtlebot3_example': PYTHONPATH=/home/ubuntu/turtlebot3_ws/install/turtlebot3_example/lib/python3.8/site-packages:${PYTHONPATH} /usr/bin/python3 setup.py develop --prefix /home/ubuntu/turtlebot3_ws/install/turtlebot3_example --editable --build-directory /home/ubuntu/turtlebot3_ws/build/turtlebot3_example/build --no-deps install_data --install-dir /home/ubuntu/turtlebot3_ws/install/turtlebot3_example
[3.401s] running develop
[4.068s] running egg_info
[4.070s] writing turtlebot3_example.egg-info/PKG-INFO
[4.072s] writing dependency_links to turtlebot3_example.egg-info/dependency_links.txt
[4.073s] writing entry points to turtlebot3_example.egg-info/entry_points.txt
[4.073s] writing requirements to turtlebot3_example.egg-info/requires.txt
[4.074s] writing top-level names to turtlebot3_example.egg-info/top_level.txt
[4.328s] reading manifest file 'turtlebot3_example.egg-info/SOURCES.txt'
[4.335s] writing manifest file 'turtlebot3_example.egg-info/SOURCES.txt'
[4.356s] running build_ext
[4.358s] Creating /home/ubuntu/turtlebot3_ws/install/turtlebot3_example/lib/python3.8/site-packages/turtlebot3-example.egg-link (link to .)
[4.363s] Installing turtlebot3_obstacle_detection script to /home/ubuntu/turtlebot3_ws/install/turtlebot3_example/lib/turtlebot3_example
[4.364s] Installing turtlebot3_patrol_client script to /home/ubuntu/turtlebot3_ws/install/turtlebot3_example/lib/turtlebot3_example
[4.368s] Installing turtlebot3_patrol_server script to /home/ubuntu/turtlebot3_ws/install/turtlebot3_example/lib/turtlebot3_example
[4.369s] Installing turtlebot3_position_control script to /home/ubuntu/turtlebot3_ws/install/turtlebot3_example/lib/turtlebot3_example
[4.373s] 
[4.375s] Installed /home/ubuntu/turtlebot3_ws/build/turtlebot3_example
[4.377s] running install_data
[4.527s] Invoked command in '/home/ubuntu/turtlebot3_ws/build/turtlebot3_example' returned '0': PYTHONPATH=/home/ubuntu/turtlebot3_ws/install/turtlebot3_example/lib/python3.8/site-packages:${PYTHONPATH} /usr/bin/python3 setup.py develop --prefix /home/ubuntu/turtlebot3_ws/install/turtlebot3_example --editable --build-directory /home/ubuntu/turtlebot3_ws/build/turtlebot3_example/build --no-deps install_data --install-dir /home/ubuntu/turtlebot3_ws/install/turtlebot3_example
