[0.056s] Invoking command in '/home/ubuntu/turtlebot3_ws/build/robot': CMAKE_PREFIX_PATH=${CMAKE_PREFIX_PATH}:/home/ubuntu/turtlebot3_ws/install/turtlebot3_teleop:/home/ubuntu/turtlebot3_ws/install/turtlebot3_example:/opt/ros/foxy /usr/bin/cmake --build /home/ubuntu/turtlebot3_ws/build/robot -- -j4 -l4
[0.168s] -- Found ament_cmake: 0.9.9 (/opt/ros/foxy/share/ament_cmake/cmake)
[0.291s] -- Using PYTHON_EXECUTABLE: /usr/bin/python3
[1.018s] -- Found rclpy: 1.0.8 (/opt/ros/foxy/share/rclpy/cmake)
[1.019s] -- Found std_msgs: 2.0.5 (/opt/ros/foxy/share/std_msgs/cmake)
[1.136s] -- Using all available rosidl_typesupport_c: rosidl_typesupport_fastrtps_c;rosidl_typesupport_introspection_c
[1.151s] -- Found rosidl_adapter: 1.2.1 (/opt/ros/foxy/share/rosidl_adapter/cmake)
[1.884s] -- Using all available rosidl_typesupport_cpp: rosidl_typesupport_fastrtps_cpp;rosidl_typesupport_introspection_cpp
[2.093s] -- Found geometry_msgs: 2.0.5 (/opt/ros/foxy/share/geometry_msgs/cmake)
[2.227s] -- Found sensor_msgs: 2.0.5 (/opt/ros/foxy/share/sensor_msgs/cmake)
[2.505s] -- Found ament_lint_auto: 0.9.6 (/opt/ros/foxy/share/ament_lint_auto/cmake)
[2.794s] -- Added test 'copyright' to check source files copyright and LICENSE
[2.804s] -- Added test 'flake8' to check Python code syntax and style conventions
[2.807s] -- Added test 'lint_cmake' to check CMake code style
[2.808s] -- Added test 'pep257' to check Python code against some of the style conventions in PEP 257
[2.814s] -- Added test 'xmllint' to check XML markup files
[2.831s] -- Configuring done
[2.842s] -- Generating done
[2.847s] -- Build files have been written to: /home/ubuntu/turtlebot3_ws/build/robot
[2.936s] Invoked command in '/home/ubuntu/turtlebot3_ws/build/robot' returned '0': CMAKE_PREFIX_PATH=${CMAKE_PREFIX_PATH}:/home/ubuntu/turtlebot3_ws/install/turtlebot3_teleop:/home/ubuntu/turtlebot3_ws/install/turtlebot3_example:/opt/ros/foxy /usr/bin/cmake --build /home/ubuntu/turtlebot3_ws/build/robot -- -j4 -l4
[3.073s] Invoking command in '/home/ubuntu/turtlebot3_ws/build/robot': CMAKE_PREFIX_PATH=${CMAKE_PREFIX_PATH}:/home/ubuntu/turtlebot3_ws/install/turtlebot3_teleop:/home/ubuntu/turtlebot3_ws/install/turtlebot3_example:/opt/ros/foxy /usr/bin/cmake --install /home/ubuntu/turtlebot3_ws/build/robot
[3.105s] -- Install configuration: ""
[3.105s] -- Installing: /home/ubuntu/turtlebot3_ws/install/robot/lib/robot/robot.py
[3.107s] -- Up-to-date: /home/ubuntu/turtlebot3_ws/install/robot/share/ament_index/resource_index/package_run_dependencies/robot
[3.107s] -- Installing: /home/ubuntu/turtlebot3_ws/install/robot/share/ament_index/resource_index/parent_prefix_path/robot
[3.108s] -- Up-to-date: /home/ubuntu/turtlebot3_ws/install/robot/share/robot/environment/ament_prefix_path.sh
[3.109s] -- Installing: /home/ubuntu/turtlebot3_ws/install/robot/share/robot/environment/ament_prefix_path.dsv
[3.110s] -- Up-to-date: /home/ubuntu/turtlebot3_ws/install/robot/share/robot/environment/path.sh
[3.111s] -- Installing: /home/ubuntu/turtlebot3_ws/install/robot/share/robot/environment/path.dsv
[3.111s] -- Up-to-date: /home/ubuntu/turtlebot3_ws/install/robot/share/robot/local_setup.bash
[3.112s] -- Up-to-date: /home/ubuntu/turtlebot3_ws/install/robot/share/robot/local_setup.sh
[3.112s] -- Up-to-date: /home/ubuntu/turtlebot3_ws/install/robot/share/robot/local_setup.zsh
[3.113s] -- Installing: /home/ubuntu/turtlebot3_ws/install/robot/share/robot/local_setup.dsv
[3.114s] -- Installing: /home/ubuntu/turtlebot3_ws/install/robot/share/robot/package.dsv
[3.115s] -- Up-to-date: /home/ubuntu/turtlebot3_ws/install/robot/share/ament_index/resource_index/packages/robot
[3.115s] -- Up-to-date: /home/ubuntu/turtlebot3_ws/install/robot/share/robot/cmake/robotConfig.cmake
[3.116s] -- Up-to-date: /home/ubuntu/turtlebot3_ws/install/robot/share/robot/cmake/robotConfig-version.cmake
[3.116s] -- Up-to-date: /home/ubuntu/turtlebot3_ws/install/robot/share/robot/package.xml
[3.123s] Invoked command in '/home/ubuntu/turtlebot3_ws/build/robot' returned '0': CMAKE_PREFIX_PATH=${CMAKE_PREFIX_PATH}:/home/ubuntu/turtlebot3_ws/install/turtlebot3_teleop:/home/ubuntu/turtlebot3_ws/install/turtlebot3_example:/opt/ros/foxy /usr/bin/cmake --install /home/ubuntu/turtlebot3_ws/build/robot
