[INFO] [1644978789.082032160] [turtlebot3_node]: Init TurtleBot3 Node Main
[INFO] [1644978789.084995752] [turtlebot3_node]: Init DynamixelSDKWrapper
[INFO] [1644978789.090371788] [DynamixelSDKWrapper]: Succeeded to open the port(/dev/ttyACM0)!
[INFO] [1644978789.098247860] [DynamixelSDKWrapper]: Succeeded to change the baudrate!
[INFO] [1644978789.137786369] [turtlebot3_node]: Start Calibration of Gyro
[INFO] [1644978794.138081745] [turtlebot3_node]: Calibration End
[INFO] [1644978794.138242782] [turtlebot3_node]: Add Motors
[INFO] [1644978794.139278782] [turtlebot3_node]: Add Wheels
[INFO] [1644978794.139989448] [turtlebot3_node]: Add Sensors
[INFO] [1644978794.145094688] [turtlebot3_node]: Succeeded to create battery state publisher
[INFO] [1644978794.422274248] [turtlebot3_node]: Succeeded to create imu publisher
[INFO] [1644978794.462764371] [turtlebot3_node]: Succeeded to create sensor state publisher
[INFO] [1644978794.464619685] [turtlebot3_node]: Succeeded to create joint state publisher
[INFO] [1644978794.464753222] [turtlebot3_node]: Add Devices
[INFO] [1644978794.464808629] [turtlebot3_node]: Succeeded to create motor power server
[INFO] [1644978794.469596332] [turtlebot3_node]: Succeeded to create reset server
[INFO] [1644978794.472221128] [turtlebot3_node]: Succeeded to create sound server
[INFO] [1644978794.475322350] [turtlebot3_node]: Run!
[INFO] [1644978794.510693084] [diff_drive_controller]: Init Odometry
[INFO] [1644978794.531561673] [diff_drive_controller]: Run!
[INFO] [1644978809.284208857] [rclcpp]: signal_handler(signal_value=2)
