[INFO] [1644567299.894437802] [turtlebot3_node]: Init TurtleBot3 Node Main
[INFO] [1644567299.895668878] [turtlebot3_node]: Init DynamixelSDKWrapper
[INFO] [1644567299.899673062] [DynamixelSDKWrapper]: Succeeded to open the port(/dev/ttyACM0)!
[INFO] [1644567299.905353167] [DynamixelSDKWrapper]: Succeeded to change the baudrate!
[INFO] [1644567299.948468909] [turtlebot3_node]: Start Calibration of Gyro
[INFO] [1644567304.948781303] [turtlebot3_node]: Calibration End
[INFO] [1644567304.948965448] [turtlebot3_node]: Add Motors
[INFO] [1644567304.949824584] [turtlebot3_node]: Add Wheels
[INFO] [1644567304.950515704] [turtlebot3_node]: Add Sensors
[INFO] [1644567304.954140116] [turtlebot3_node]: Succeeded to create battery state publisher
[INFO] [1644567304.958893345] [turtlebot3_node]: Succeeded to create imu publisher
[INFO] [1644567304.962140559] [turtlebot3_node]: Succeeded to create sensor state publisher
[INFO] [1644567304.965089832] [turtlebot3_node]: Succeeded to create joint state publisher
[INFO] [1644567304.965267737] [turtlebot3_node]: Add Devices
[INFO] [1644567304.965318958] [turtlebot3_node]: Succeeded to create motor power server
[INFO] [1644567304.969269829] [turtlebot3_node]: Succeeded to create reset server
[INFO] [1644567304.972763594] [turtlebot3_node]: Succeeded to create sound server
[INFO] [1644567304.975797218] [turtlebot3_node]: Run!
[INFO] [1644567305.021769588] [diff_drive_controller]: Init Odometry
[INFO] [1644567305.034080081] [diff_drive_controller]: Run!
[INFO] [1644569915.820034964] [rclcpp]: signal_handler(signal_value=2)
