[INFO] [1644562961.291475309] [turtlebot3_node]: Init TurtleBot3 Node Main
[INFO] [1644562961.292909355] [turtlebot3_node]: Init DynamixelSDKWrapper
[INFO] [1644562961.295815780] [DynamixelSDKWrapper]: Succeeded to open the port(/dev/ttyACM0)!
[INFO] [1644562961.301523519] [DynamixelSDKWrapper]: Succeeded to change the baudrate!
[INFO] [1644562961.346908277] [turtlebot3_node]: Start Calibration of Gyro
[INFO] [1644562966.347220645] [turtlebot3_node]: Calibration End
[INFO] [1644562966.347389345] [turtlebot3_node]: Add Motors
[INFO] [1644562966.348078980] [turtlebot3_node]: Add Wheels
[INFO] [1644562966.348451584] [turtlebot3_node]: Add Sensors
[INFO] [1644562966.352722056] [turtlebot3_node]: Succeeded to create battery state publisher
[INFO] [1644562966.359933545] [turtlebot3_node]: Succeeded to create imu publisher
[INFO] [1644562966.365693877] [turtlebot3_node]: Succeeded to create sensor state publisher
[INFO] [1644562966.368064553] [turtlebot3_node]: Succeeded to create joint state publisher
[INFO] [1644562966.368201161] [turtlebot3_node]: Add Devices
[INFO] [1644562966.368261049] [turtlebot3_node]: Succeeded to create motor power server
[INFO] [1644562966.373700517] [turtlebot3_node]: Succeeded to create reset server
[INFO] [1644562966.376018509] [turtlebot3_node]: Succeeded to create sound server
[INFO] [1644562966.379407906] [turtlebot3_node]: Run!
[INFO] [1644562966.411197248] [diff_drive_controller]: Init Odometry
[INFO] [1644562966.429912883] [diff_drive_controller]: Run!
[INFO] [1644564715.813851861] [rclcpp]: signal_handler(signal_value=2)
