[INFO] [1644988933.833300358] [turtlebot3_node]: Init TurtleBot3 Node Main
[INFO] [1644988933.834516136] [turtlebot3_node]: Init DynamixelSDKWrapper
[INFO] [1644988933.840706542] [DynamixelSDKWrapper]: Succeeded to open the port(/dev/ttyACM0)!
[INFO] [1644988933.846427077] [DynamixelSDKWrapper]: Succeeded to change the baudrate!
[INFO] [1644988933.883075531] [turtlebot3_node]: Start Calibration of Gyro
[INFO] [1644988938.883340039] [turtlebot3_node]: Calibration End
[INFO] [1644988938.883558317] [turtlebot3_node]: Add Motors
[INFO] [1644988938.884458298] [turtlebot3_node]: Add Wheels
[INFO] [1644988938.885046983] [turtlebot3_node]: Add Sensors
[INFO] [1644988938.891953629] [turtlebot3_node]: Succeeded to create battery state publisher
[INFO] [1644988938.901385405] [turtlebot3_node]: Succeeded to create imu publisher
[INFO] [1644988938.907221477] [turtlebot3_node]: Succeeded to create sensor state publisher
[INFO] [1644988938.909986291] [turtlebot3_node]: Succeeded to create joint state publisher
[INFO] [1644988938.910134921] [turtlebot3_node]: Add Devices
[INFO] [1644988938.910210310] [turtlebot3_node]: Succeeded to create motor power server
[INFO] [1644988938.915698623] [turtlebot3_node]: Succeeded to create reset server
[INFO] [1644988938.918866530] [turtlebot3_node]: Succeeded to create sound server
[INFO] [1644988938.921952603] [turtlebot3_node]: Run!
[INFO] [1644988938.967918369] [diff_drive_controller]: Init Odometry
[INFO] [1644988938.989493845] [diff_drive_controller]: Run!
[INFO] [1644989489.177159085] [rclcpp]: signal_handler(signal_value=2)
