[INFO] [1646381505.982289907] [turtlebot3_node]: Init TurtleBot3 Node Main
[INFO] [1646381505.987983543] [turtlebot3_node]: Init DynamixelSDKWrapper
[INFO] [1646381505.996184605] [DynamixelSDKWrapper]: Succeeded to open the port(/dev/ttyACM0)!
[INFO] [1646381506.005731792] [DynamixelSDKWrapper]: Succeeded to change the baudrate!
[INFO] [1646381506.042124197] [turtlebot3_node]: Start Calibration of Gyro
[INFO] [1646381511.042437020] [turtlebot3_node]: Calibration End
[INFO] [1646381511.042632011] [turtlebot3_node]: Add Motors
[INFO] [1646381511.043129156] [turtlebot3_node]: Add Wheels
[INFO] [1646381511.043349591] [turtlebot3_node]: Add Sensors
[INFO] [1646381511.050115496] [turtlebot3_node]: Succeeded to create battery state publisher
[INFO] [1646381511.056463493] [turtlebot3_node]: Succeeded to create imu publisher
[INFO] [1646381511.061514862] [turtlebot3_node]: Succeeded to create sensor state publisher
[INFO] [1646381511.065898317] [turtlebot3_node]: Succeeded to create joint state publisher
[INFO] [1646381511.067620315] [turtlebot3_node]: Add Devices
[INFO] [1646381511.067696349] [turtlebot3_node]: Succeeded to create motor power server
[INFO] [1646381511.072776550] [turtlebot3_node]: Succeeded to create reset server
[INFO] [1646381511.077107489] [turtlebot3_node]: Succeeded to create sound server
[INFO] [1646381511.081745358] [turtlebot3_node]: Run!
[INFO] [1646381511.149987474] [diff_drive_controller]: Init Odometry
[INFO] [1646381511.165454365] [diff_drive_controller]: Run!
[INFO] [1646381518.042087682] [rclcpp]: signal_handler(signal_value=2)
