[INFO] [1644392438.052854163] [turtlebot3_node]: Init TurtleBot3 Node Main
[INFO] [1644392438.058955904] [turtlebot3_node]: Init DynamixelSDKWrapper
[INFO] [1644392438.066369441] [DynamixelSDKWrapper]: Succeeded to open the port(/dev/ttyACM0)!
[INFO] [1644392438.076125052] [DynamixelSDKWrapper]: Succeeded to change the baudrate!
[INFO] [1644392438.115525237] [turtlebot3_node]: Start Calibration of Gyro
[INFO] [1644392443.115893864] [turtlebot3_node]: Calibration End
[INFO] [1644392443.116053160] [turtlebot3_node]: Add Motors
[INFO] [1644392443.116665271] [turtlebot3_node]: Add Wheels
[INFO] [1644392443.116971827] [turtlebot3_node]: Add Sensors
[INFO] [1644392443.119945216] [turtlebot3_node]: Succeeded to create battery state publisher
[INFO] [1644392443.128552679] [turtlebot3_node]: Succeeded to create imu publisher
[INFO] [1644392443.133620883] [turtlebot3_node]: Succeeded to create sensor state publisher
[INFO] [1644392443.136384216] [turtlebot3_node]: Succeeded to create joint state publisher
[INFO] [1644392443.136507123] [turtlebot3_node]: Add Devices
[INFO] [1644392443.136551068] [turtlebot3_node]: Succeeded to create motor power server
[INFO] [1644392443.141821142] [turtlebot3_node]: Succeeded to create reset server
[INFO] [1644392443.145059086] [turtlebot3_node]: Succeeded to create sound server
[INFO] [1644392443.148769901] [turtlebot3_node]: Run!
[INFO] [1644392443.194774457] [diff_drive_controller]: Init Odometry
[INFO] [1644392443.214205142] [diff_drive_controller]: Run!
[INFO] [1644393597.687343503] [rclcpp]: signal_handler(signal_value=2)
