[INFO] [1644574471.270390064] [usb_cam]: camera_name value: default_cam
[WARN] [1644574471.270653823] [usb_cam]: framerate: 10.000000
[INFO] [1644574471.277318101] [usb_cam]: using default calibration URL
[INFO] [1644574471.277466971] [usb_cam]: camera calibration URL: file:///home/ubuntu/.ros/camera_info/default_cam.yaml
[WARN] [1644574471.299147230] [camera_calibration_parsers]: Exception parsing YAML camera calibration:
yaml-cpp: error at line 177, column 65: illegal map value
[ERROR] [1644574471.299251378] [camera_calibration_parsers]: Failed to parse camera calibration from file [/home/ubuntu/.ros/camera_info/default_cam.yaml]
[WARN] [1644574471.299312989] [usb_cam]: Camera calibration file /home/ubuntu/.ros/camera_info/default_cam.yaml not found
[INFO] [1644574471.299421934] [usb_cam]: Starting 'default_cam' (/dev/video0) at 640x480 via mmap (yuyv) at 10 FPS
[INFO] [1644574471.788798792] [usb_cam]: Capability flag: 0x1000
[INFO] [1644574471.813607217] [usb_cam]: Set framerate to be 10
[INFO] [1644574471.826293439] [usb_cam]: This Cameras Supported Formats:
[INFO] [1644574471.826486828] [usb_cam]:   YUYV 4:2:2[Index: 0, Type: 1, Flags: 0, PixelFormat: 56595559]
[INFO] [1644574471.826555569] [usb_cam]:   width: 640 x height: 480
[INFO] [1644574471.826617717] [usb_cam]:   1 1 / 30
[INFO] [1644574471.826674291] [usb_cam]:   1 1 / 25
[INFO] [1644574471.826727161] [usb_cam]:   1 1 / 20
[INFO] [1644574471.826781365] [usb_cam]:   1 1 / 15
[INFO] [1644574471.826834458] [usb_cam]:   1 1 / 10
[INFO] [1644574471.826887624] [usb_cam]:   1 1 / 5
[INFO] [1644574471.826943347] [usb_cam]:   width: 160 x height: 120
[INFO] [1644574471.826997513] [usb_cam]:   1 1 / 30
[INFO] [1644574471.827047976] [usb_cam]:   1 1 / 25
[INFO] [1644574471.827100606] [usb_cam]:   1 1 / 20
[INFO] [1644574471.827155050] [usb_cam]:   1 1 / 15
[INFO] [1644574471.827206809] [usb_cam]:   1 1 / 10
[INFO] [1644574471.827257902] [usb_cam]:   1 1 / 5
[INFO] [1644574471.827312384] [usb_cam]:   width: 176 x height: 144
[INFO] [1644574471.827366587] [usb_cam]:   1 1 / 30
[INFO] [1644574471.827417772] [usb_cam]:   1 1 / 25
[INFO] [1644574471.827496365] [usb_cam]:   1 1 / 20
[INFO] [1644574471.827551198] [usb_cam]:   1 1 / 15
[INFO] [1644574471.827603050] [usb_cam]:   1 1 / 10
[INFO] [1644574471.827654698] [usb_cam]:   1 1 / 5
[INFO] [1644574471.827710050] [usb_cam]:   width: 320 x height: 176
[INFO] [1644574471.827764050] [usb_cam]:   1 1 / 30
[INFO] [1644574471.827815161] [usb_cam]:   1 1 / 25
[INFO] [1644574471.827866476] [usb_cam]:   1 1 / 20
[INFO] [1644574471.827917532] [usb_cam]:   1 1 / 15
[INFO] [1644574471.827968772] [usb_cam]:   1 1 / 10
[INFO] [1644574471.828019569] [usb_cam]:   1 1 / 5
[INFO] [1644574471.828073809] [usb_cam]:   width: 320 x height: 240
[INFO] [1644574471.828127106] [usb_cam]:   1 1 / 30
[INFO] [1644574471.828178421] [usb_cam]:   1 1 / 25
[INFO] [1644574471.828229532] [usb_cam]:   1 1 / 20
[INFO] [1644574471.828281180] [usb_cam]:   1 1 / 15
[INFO] [1644574471.828332606] [usb_cam]:   1 1 / 10
[INFO] [1644574471.828383254] [usb_cam]:   1 1 / 5
[INFO] [1644574471.828437846] [usb_cam]:   width: 352 x height: 288
[INFO] [1644574471.828492050] [usb_cam]:   1 1 / 30
[INFO] [1644574471.828543254] [usb_cam]:   1 1 / 25
[INFO] [1644574471.828594569] [usb_cam]:   1 1 / 20
[INFO] [1644574471.828645976] [usb_cam]:   1 1 / 15
[INFO] [1644574471.828696939] [usb_cam]:   1 1 / 10
[INFO] [1644574471.828747791] [usb_cam]:   1 1 / 5
[INFO] [1644574471.828801976] [usb_cam]:   width: 432 x height: 240
[INFO] [1644574471.828855291] [usb_cam]:   1 1 / 30
[INFO] [1644574471.828907124] [usb_cam]:   1 1 / 25
[INFO] [1644574471.828957735] [usb_cam]:   1 1 / 20
[INFO] [1644574471.829009513] [usb_cam]:   1 1 / 15
[INFO] [1644574471.829060532] [usb_cam]:   1 1 / 10
[INFO] [1644574471.829111680] [usb_cam]:   1 1 / 5
[INFO] [1644574471.829165365] [usb_cam]:   width: 544 x height: 288
[INFO] [1644574471.829218291] [usb_cam]:   1 1 / 30
[INFO] [1644574471.829269902] [usb_cam]:   1 1 / 25
[INFO] [1644574471.829320976] [usb_cam]:   1 1 / 20
[INFO] [1644574471.829371828] [usb_cam]:   1 1 / 15
[INFO] [1644574471.829508458] [usb_cam]:   1 1 / 10
[INFO] [1644574471.829565643] [usb_cam]:   1 1 / 5
[INFO] [1644574471.829621569] [usb_cam]:   width: 640 x height: 360
[INFO] [1644574471.829676087] [usb_cam]:   1 1 / 30
[INFO] [1644574471.829728180] [usb_cam]:   1 1 / 25
[INFO] [1644574471.829779846] [usb_cam]:   1 1 / 20
[INFO] [1644574471.829831346] [usb_cam]:   1 1 / 15
[INFO] [1644574471.829882661] [usb_cam]:   1 1 / 10
[INFO] [1644574471.829933680] [usb_cam]:   1 1 / 5
[INFO] [1644574471.829988143] [usb_cam]:   width: 752 x height: 416
[INFO] [1644574471.830041958] [usb_cam]:   1 1 / 25
[INFO] [1644574471.830093828] [usb_cam]:   1 1 / 20
[INFO] [1644574471.830144698] [usb_cam]:   1 1 / 15
[INFO] [1644574471.830195383] [usb_cam]:   1 1 / 10
[INFO] [1644574471.830246643] [usb_cam]:   1 1 / 5
[INFO] [1644574471.830301476] [usb_cam]:   width: 800 x height: 448
[INFO] [1644574471.830354772] [usb_cam]:   1 1 / 20
[INFO] [1644574471.830406272] [usb_cam]:   1 1 / 15
[INFO] [1644574471.830457624] [usb_cam]:   1 1 / 10
[INFO] [1644574471.830508958] [usb_cam]:   1 1 / 5
[INFO] [1644574471.830563513] [usb_cam]:   width: 800 x height: 600
[INFO] [1644574471.830615883] [usb_cam]:   1 1 / 20
[INFO] [1644574471.830667087] [usb_cam]:   1 1 / 15
[INFO] [1644574471.830717883] [usb_cam]:   1 1 / 10
[INFO] [1644574471.830768698] [usb_cam]:   1 1 / 5
[INFO] [1644574471.830822161] [usb_cam]:   width: 864 x height: 480
[INFO] [1644574471.830874865] [usb_cam]:   1 1 / 20
[INFO] [1644574471.830926069] [usb_cam]:   1 1 / 15
[INFO] [1644574471.830974309] [usb_cam]:   1 1 / 10
[INFO] [1644574471.831021606] [usb_cam]:   1 1 / 5
[INFO] [1644574471.831072550] [usb_cam]:   width: 960 x height: 544
[INFO] [1644574471.831127958] [usb_cam]:   1 1 / 15
[INFO] [1644574471.831180402] [usb_cam]:   1 1 / 10
[INFO] [1644574471.831231272] [usb_cam]:   1 1 / 5
[INFO] [1644574471.831285550] [usb_cam]:   width: 960 x height: 720
[INFO] [1644574471.831338754] [usb_cam]:   1 1 / 10
[INFO] [1644574471.831389995] [usb_cam]:   1 1 / 5
[INFO] [1644574471.831465217] [usb_cam]:   width: 1024 x height: 576
[INFO] [1644574471.831533458] [usb_cam]:   1 1 / 10
[INFO] [1644574471.831585828] [usb_cam]:   1 1 / 5
[INFO] [1644574471.831640161] [usb_cam]:   width: 1184 x height: 656
[INFO] [1644574471.831692754] [usb_cam]:   1 1 / 10
[INFO] [1644574471.831744680] [usb_cam]:   1 1 / 5
[INFO] [1644574471.831798772] [usb_cam]:   width: 1280 x height: 720
[INFO] [1644574471.831852717] [usb_cam]:   1 2 / 15
[INFO] [1644574471.831903809] [usb_cam]:   1 1 / 5
[INFO] [1644574471.831958532] [usb_cam]:   width: 1280 x height: 960
[INFO] [1644574471.832011883] [usb_cam]:   1 2 / 15
[INFO] [1644574471.832063606] [usb_cam]:   1 1 / 5
[INFO] [1644574471.832127069] [usb_cam]:   Motion-JPEG[Index: 1, Type: 1, Flags: 1, PixelFormat: 47504a4d]
[INFO] [1644574471.832182754] [usb_cam]:   width: 640 x height: 480
[INFO] [1644574471.832235920] [usb_cam]:   1 1 / 30
[INFO] [1644574471.832287439] [usb_cam]:   1 1 / 25
[INFO] [1644574471.832338957] [usb_cam]:   1 1 / 20
[INFO] [1644574471.832389865] [usb_cam]:   1 1 / 15
[INFO] [1644574471.832441439] [usb_cam]:   1 1 / 10
[INFO] [1644574471.832492717] [usb_cam]:   1 1 / 5
[INFO] [1644574471.832547420] [usb_cam]:   width: 160 x height: 120
[INFO] [1644574471.832600976] [usb_cam]:   1 1 / 30
[INFO] [1644574471.832670032] [usb_cam]:   1 1 / 25
[INFO] [1644574471.832721439] [usb_cam]:   1 1 / 20
[INFO] [1644574471.832772865] [usb_cam]:   1 1 / 15
[INFO] [1644574471.832824439] [usb_cam]:   1 1 / 10
[INFO] [1644574471.832875809] [usb_cam]:   1 1 / 5
[INFO] [1644574471.832930995] [usb_cam]:   width: 176 x height: 144
[INFO] [1644574471.832984698] [usb_cam]:   1 1 / 30
[INFO] [1644574471.833036476] [usb_cam]:   1 1 / 25
[INFO] [1644574471.833087809] [usb_cam]:   1 1 / 20
[INFO] [1644574471.833139532] [usb_cam]:   1 1 / 15
[INFO] [1644574471.833191791] [usb_cam]:   1 1 / 10
[INFO] [1644574471.833243383] [usb_cam]:   1 1 / 5
[INFO] [1644574471.833297883] [usb_cam]:   width: 320 x height: 176
[INFO] [1644574471.833349920] [usb_cam]:   1 1 / 30
[INFO] [1644574471.833443957] [usb_cam]:   1 1 / 25
[INFO] [1644574471.833499050] [usb_cam]:   1 1 / 20
[INFO] [1644574471.833551624] [usb_cam]:   1 1 / 15
[INFO] [1644574471.833602902] [usb_cam]:   1 1 / 10
[INFO] [1644574471.833653920] [usb_cam]:   1 1 / 5
[INFO] [1644574471.833709087] [usb_cam]:   width: 320 x height: 240
[INFO] [1644574471.833762791] [usb_cam]:   1 1 / 30
[INFO] [1644574471.833814402] [usb_cam]:   1 1 / 25
[INFO] [1644574471.833865698] [usb_cam]:   1 1 / 20
[INFO] [1644574471.833931457] [usb_cam]:   1 1 / 15
[INFO] [1644574471.833984272] [usb_cam]:   1 1 / 10
[INFO] [1644574471.834036235] [usb_cam]:   1 1 / 5
[INFO] [1644574471.834091032] [usb_cam]:   width: 352 x height: 288
[INFO] [1644574471.834144013] [usb_cam]:   1 1 / 30
[INFO] [1644574471.834195346] [usb_cam]:   1 1 / 25
[INFO] [1644574471.834246680] [usb_cam]:   1 1 / 20
[INFO] [1644574471.834297717] [usb_cam]:   1 1 / 15
[INFO] [1644574471.834349217] [usb_cam]:   1 1 / 10
[INFO] [1644574471.834400661] [usb_cam]:   1 1 / 5
[INFO] [1644574471.834455717] [usb_cam]:   width: 432 x height: 240
[INFO] [1644574471.834509217] [usb_cam]:   1 1 / 30
[INFO] [1644574471.834561143] [usb_cam]:   1 1 / 25
[INFO] [1644574471.834612606] [usb_cam]:   1 1 / 20
[INFO] [1644574471.834664309] [usb_cam]:   1 1 / 15
[INFO] [1644574471.834715865] [usb_cam]:   1 1 / 10
[INFO] [1644574471.834768476] [usb_cam]:   1 1 / 5
[INFO] [1644574471.834821050] [usb_cam]:   width: 544 x height: 288
[INFO] [1644574471.834874365] [usb_cam]:   1 1 / 30
[INFO] [1644574471.834930254] [usb_cam]:   1 1 / 25
[INFO] [1644574471.834978439] [usb_cam]:   1 1 / 20
[INFO] [1644574471.835025643] [usb_cam]:   1 1 / 15
[INFO] [1644574471.835072939] [usb_cam]:   1 1 / 10
[INFO] [1644574471.835129365] [usb_cam]:   1 1 / 5
[INFO] [1644574471.835189476] [usb_cam]:   width: 640 x height: 360
[INFO] [1644574471.835270050] [usb_cam]:   1 1 / 30
[INFO] [1644574471.835324735] [usb_cam]:   1 1 / 25
[INFO] [1644574471.835377494] [usb_cam]:   1 1 / 20
[INFO] [1644574471.835445106] [usb_cam]:   1 1 / 15
[INFO] [1644574471.835502402] [usb_cam]:   1 1 / 10
[INFO] [1644574471.835555606] [usb_cam]:   1 1 / 5
[INFO] [1644574471.835613698] [usb_cam]:   width: 752 x height: 416
[INFO] [1644574471.835668661] [usb_cam]:   1 1 / 30
[INFO] [1644574471.835719680] [usb_cam]:   1 1 / 25
[INFO] [1644574471.835770494] [usb_cam]:   1 1 / 20
[INFO] [1644574471.835821902] [usb_cam]:   1 1 / 15
[INFO] [1644574471.835872976] [usb_cam]:   1 1 / 10
[INFO] [1644574471.835924383] [usb_cam]:   1 1 / 5
[INFO] [1644574471.835977902] [usb_cam]:   width: 800 x height: 448
[INFO] [1644574471.836030698] [usb_cam]:   1 1 / 30
[INFO] [1644574471.836081476] [usb_cam]:   1 1 / 25
[INFO] [1644574471.836132457] [usb_cam]:   1 1 / 20
[INFO] [1644574471.836183365] [usb_cam]:   1 1 / 15
[INFO] [1644574471.836234050] [usb_cam]:   1 1 / 10
[INFO] [1644574471.836284939] [usb_cam]:   1 1 / 5
[INFO] [1644574471.836338661] [usb_cam]:   width: 800 x height: 600
[INFO] [1644574471.836392291] [usb_cam]:   1 1 / 30
[INFO] [1644574471.836445754] [usb_cam]:   1 1 / 25
[INFO] [1644574471.836496809] [usb_cam]:   1 1 / 20
[INFO] [1644574471.836547957] [usb_cam]:   1 1 / 15
[INFO] [1644574471.836598661] [usb_cam]:   1 1 / 10
[INFO] [1644574471.836649661] [usb_cam]:   1 1 / 5
[INFO] [1644574471.836724476] [usb_cam]:   width: 864 x height: 480
[INFO] [1644574471.836778328] [usb_cam]:   1 1 / 30
[INFO] [1644574471.836829513] [usb_cam]:   1 1 / 25
[INFO] [1644574471.836885828] [usb_cam]:   1 1 / 20
[INFO] [1644574471.836937902] [usb_cam]:   1 1 / 15
[INFO] [1644574471.836990328] [usb_cam]:   1 1 / 10
[INFO] [1644574471.837041272] [usb_cam]:   1 1 / 5
[INFO] [1644574471.837095235] [usb_cam]:   width: 960 x height: 544
[INFO] [1644574471.837149217] [usb_cam]:   1 1 / 30
[INFO] [1644574471.837200939] [usb_cam]:   1 1 / 25
[INFO] [1644574471.837252402] [usb_cam]:   1 1 / 20
[INFO] [1644574471.837303217] [usb_cam]:   1 1 / 15
[INFO] [1644574471.837353606] [usb_cam]:   1 1 / 10
[INFO] [1644574471.837405124] [usb_cam]:   1 1 / 5
[INFO] [1644574471.837459920] [usb_cam]:   width: 960 x height: 720
[INFO] [1644574471.837573106] [usb_cam]:   1 1 / 30
[INFO] [1644574471.837629717] [usb_cam]:   1 1 / 25
[INFO] [1644574471.837682383] [usb_cam]:   1 1 / 20
[INFO] [1644574471.837733846] [usb_cam]:   1 1 / 15
[INFO] [1644574471.837785513] [usb_cam]:   1 1 / 10
[INFO] [1644574471.837836143] [usb_cam]:   1 1 / 5
[INFO] [1644574471.837890605] [usb_cam]:   width: 1024 x height: 576
[INFO] [1644574471.837945180] [usb_cam]:   1 1 / 30
[INFO] [1644574471.837996180] [usb_cam]:   1 1 / 25
[INFO] [1644574471.838047031] [usb_cam]:   1 1 / 20
[INFO] [1644574471.838097717] [usb_cam]:   1 1 / 15
[INFO] [1644574471.838148050] [usb_cam]:   1 1 / 10
[INFO] [1644574471.838198550] [usb_cam]:   1 1 / 5
[INFO] [1644574471.838252198] [usb_cam]:   width: 1184 x height: 656
[INFO] [1644574471.838304568] [usb_cam]:   1 1 / 30
[INFO] [1644574471.838391124] [usb_cam]:   1 1 / 25
[INFO] [1644574471.838445068] [usb_cam]:   1 1 / 20
[INFO] [1644574471.838496365] [usb_cam]:   1 1 / 15
[INFO] [1644574471.838548457] [usb_cam]:   1 1 / 10
[INFO] [1644574471.838599939] [usb_cam]:   1 1 / 5
[INFO] [1644574471.838654680] [usb_cam]:   width: 1280 x height: 720
[INFO] [1644574471.838707828] [usb_cam]:   1 1 / 30
[INFO] [1644574471.838758791] [usb_cam]:   1 1 / 25
[INFO] [1644574471.838809957] [usb_cam]:   1 1 / 20
[INFO] [1644574471.838861068] [usb_cam]:   1 1 / 15
[INFO] [1644574471.838912383] [usb_cam]:   1 1 / 10
[INFO] [1644574471.838963105] [usb_cam]:   1 1 / 5
[INFO] [1644574471.839017698] [usb_cam]:   width: 1280 x height: 960
[INFO] [1644574471.839070828] [usb_cam]:   1 1 / 30
[INFO] [1644574471.839121754] [usb_cam]:   1 1 / 25
[INFO] [1644574471.839172717] [usb_cam]:   1 1 / 20
[INFO] [1644574471.839224642] [usb_cam]:   1 1 / 15
[INFO] [1644574471.839275568] [usb_cam]:   1 1 / 10
[INFO] [1644574471.839326513] [usb_cam]:   1 1 / 5
[INFO] [1644574471.839489161] [usb_cam]: starting timer 100
[INFO] [1644574499.327877347] [rclcpp]: signal_handler(signal_value=2)
