[0.055s] Invoking command in '/home/ubuntu/turtlebot3_ws/build/robot': CMAKE_PREFIX_PATH=${CMAKE_PREFIX_PATH}:/home/ubuntu/turtlebot3_ws/install/turtlebot3_teleop:/home/ubuntu/turtlebot3_ws/install/turtlebot3_example:/opt/ros/foxy /usr/bin/cmake --build /home/ubuntu/turtlebot3_ws/build/robot -- -j4 -l4
[0.220s] Invoked command in '/home/ubuntu/turtlebot3_ws/build/robot' returned '0': CMAKE_PREFIX_PATH=${CMAKE_PREFIX_PATH}:/home/ubuntu/turtlebot3_ws/install/turtlebot3_teleop:/home/ubuntu/turtlebot3_ws/install/turtlebot3_example:/opt/ros/foxy /usr/bin/cmake --build /home/ubuntu/turtlebot3_ws/build/robot -- -j4 -l4
[0.356s] Invoking command in '/home/ubuntu/turtlebot3_ws/build/robot': CMAKE_PREFIX_PATH=${CMAKE_PREFIX_PATH}:/home/ubuntu/turtlebot3_ws/install/turtlebot3_teleop:/home/ubuntu/turtlebot3_ws/install/turtlebot3_example:/opt/ros/foxy /usr/bin/cmake --install /home/ubuntu/turtlebot3_ws/build/robot
[0.388s] -- Install configuration: ""
[0.389s] -- Up-to-date: /home/ubuntu/turtlebot3_ws/install/robot/share/ament_index/resource_index/package_run_dependencies/robot
[0.389s] -- Up-to-date: /home/ubuntu/turtlebot3_ws/install/robot/share/ament_index/resource_index/parent_prefix_path/robot
[0.390s] -- Up-to-date: /home/ubuntu/turtlebot3_ws/install/robot/share/robot/environment/ament_prefix_path.sh
[0.390s] -- Up-to-date: /home/ubuntu/turtlebot3_ws/install/robot/share/robot/environment/ament_prefix_path.dsv
[0.391s] -- Up-to-date: /home/ubuntu/turtlebot3_ws/install/robot/share/robot/environment/path.sh
[0.391s] -- Up-to-date: /home/ubuntu/turtlebot3_ws/install/robot/share/robot/environment/path.dsv
[0.392s] -- Up-to-date: /home/ubuntu/turtlebot3_ws/install/robot/share/robot/local_setup.bash
[0.392s] -- Up-to-date: /home/ubuntu/turtlebot3_ws/install/robot/share/robot/local_setup.sh
[0.393s] -- Up-to-date: /home/ubuntu/turtlebot3_ws/install/robot/share/robot/local_setup.zsh
[0.393s] -- Up-to-date: /home/ubuntu/turtlebot3_ws/install/robot/share/robot/local_setup.dsv
[0.393s] -- Installing: /home/ubuntu/turtlebot3_ws/install/robot/share/robot/package.dsv
[0.394s] -- Up-to-date: /home/ubuntu/turtlebot3_ws/install/robot/share/ament_index/resource_index/packages/robot
[0.394s] -- Up-to-date: /home/ubuntu/turtlebot3_ws/install/robot/share/robot/cmake/robotConfig.cmake
[0.395s] -- Up-to-date: /home/ubuntu/turtlebot3_ws/install/robot/share/robot/cmake/robotConfig-version.cmake
[0.395s] -- Up-to-date: /home/ubuntu/turtlebot3_ws/install/robot/share/robot/package.xml
[0.402s] Invoked command in '/home/ubuntu/turtlebot3_ws/build/robot' returned '0': CMAKE_PREFIX_PATH=${CMAKE_PREFIX_PATH}:/home/ubuntu/turtlebot3_ws/install/turtlebot3_teleop:/home/ubuntu/turtlebot3_ws/install/turtlebot3_example:/opt/ros/foxy /usr/bin/cmake --install /home/ubuntu/turtlebot3_ws/build/robot
