[4.915s] Invoking command in '/home/ubuntu/turtlebot3_ws/build/turtlebot3_example': PYTHONPATH=/home/ubuntu/turtlebot3_ws/install/turtlebot3_example/lib/python3.8/site-packages:${PYTHONPATH} /usr/bin/python3 setup.py develop --prefix /home/ubuntu/turtlebot3_ws/install/turtlebot3_example --editable --build-directory /home/ubuntu/turtlebot3_ws/build/turtlebot3_example/build --no-deps install_data --install-dir /home/ubuntu/turtlebot3_ws/install/turtlebot3_example
[6.354s] running develop
[7.081s] running egg_info
[7.082s] writing turtlebot3_example.egg-info/PKG-INFO
[7.083s] writing dependency_links to turtlebot3_example.egg-info/dependency_links.txt
[7.084s] writing entry points to turtlebot3_example.egg-info/entry_points.txt
[7.085s] writing requirements to turtlebot3_example.egg-info/requires.txt
[7.086s] writing top-level names to turtlebot3_example.egg-info/top_level.txt
[7.280s] reading manifest file 'turtlebot3_example.egg-info/SOURCES.txt'
[7.285s] writing manifest file 'turtlebot3_example.egg-info/SOURCES.txt'
[7.292s] running build_ext
[7.296s] Creating /home/ubuntu/turtlebot3_ws/install/turtlebot3_example/lib/python3.8/site-packages/turtlebot3-example.egg-link (link to .)
[7.301s] Installing turtlebot3_obstacle_detection script to /home/ubuntu/turtlebot3_ws/install/turtlebot3_example/lib/turtlebot3_example
[7.302s] Installing turtlebot3_patrol_client script to /home/ubuntu/turtlebot3_ws/install/turtlebot3_example/lib/turtlebot3_example
[7.303s] Installing turtlebot3_patrol_server script to /home/ubuntu/turtlebot3_ws/install/turtlebot3_example/lib/turtlebot3_example
[7.304s] Installing turtlebot3_position_control script to /home/ubuntu/turtlebot3_ws/install/turtlebot3_example/lib/turtlebot3_example
[7.306s] 
[7.307s] Installed /home/ubuntu/turtlebot3_ws/build/turtlebot3_example
[7.308s] running install_data
[7.504s] Invoked command in '/home/ubuntu/turtlebot3_ws/build/turtlebot3_example' returned '0': PYTHONPATH=/home/ubuntu/turtlebot3_ws/install/turtlebot3_example/lib/python3.8/site-packages:${PYTHONPATH} /usr/bin/python3 setup.py develop --prefix /home/ubuntu/turtlebot3_ws/install/turtlebot3_example --editable --build-directory /home/ubuntu/turtlebot3_ws/build/turtlebot3_example/build --no-deps install_data --install-dir /home/ubuntu/turtlebot3_ws/install/turtlebot3_example
