[0.049s] Invoking command in '/home/ubuntu/turtlebot3_ws/build/raspicam2': CMAKE_PREFIX_PATH=${CMAKE_PREFIX_PATH}:/home/ubuntu/turtlebot3_ws/install/turtlebot3_teleop:/home/ubuntu/turtlebot3_ws/install/turtlebot3_example:/opt/ros/foxy /usr/bin/cmake /home/ubuntu/turtlebot3_ws/src/raspicam2_node -DAMENT_CMAKE_SYMLINK_INSTALL=1 -DCMAKE_INSTALL_PREFIX=/home/ubuntu/turtlebot3_ws/install/raspicam2
[1.125s] -- The C compiler identification is GNU 9.3.0
[1.988s] -- The CXX compiler identification is GNU 9.3.0
[2.041s] -- Check for working C compiler: /usr/bin/cc
[2.342s] -- Check for working C compiler: /usr/bin/cc -- works
[2.348s] -- Detecting C compiler ABI info
[2.673s] -- Detecting C compiler ABI info - done
[2.714s] -- Detecting C compile features
[2.717s] -- Detecting C compile features - done
[2.729s] -- Check for working CXX compiler: /usr/bin/c++
[3.260s] -- Check for working CXX compiler: /usr/bin/c++ -- works
[3.264s] -- Detecting CXX compiler ABI info
[3.580s] -- Detecting CXX compiler ABI info - done
[3.620s] -- Detecting CXX compile features
[3.622s] -- Detecting CXX compile features - done
[3.649s] -- Found ament_cmake: 0.9.8 (/opt/ros/foxy/share/ament_cmake/cmake)
[3.813s] -- Found PythonInterp: /usr/bin/python3 (found suitable version "3.8.10", minimum required is "3") 
[3.813s] -- Using PYTHON_EXECUTABLE: /usr/bin/python3
[4.511s] -- Override CMake install command with custom implementation using symlinks instead of copying resources
[4.781s] -- Found rclcpp: 2.3.1 (/opt/ros/foxy/share/rclcpp/cmake)
[5.135s] -- Using all available rosidl_typesupport_c: rosidl_typesupport_fastrtps_c;rosidl_typesupport_introspection_c
[5.202s] -- Found rosidl_adapter: 1.2.1 (/opt/ros/foxy/share/rosidl_adapter/cmake)
[5.588s] -- Found OpenSSL: /usr/lib/aarch64-linux-gnu/libcrypto.so (found version "1.1.1f")  
[5.713s] -- Found FastRTPS: /opt/ros/foxy/include  
[6.137s] -- Using all available rosidl_typesupport_cpp: rosidl_typesupport_fastrtps_cpp;rosidl_typesupport_introspection_cpp
[6.478s] -- Found rmw_implementation_cmake: 1.0.3 (/opt/ros/foxy/share/rmw_implementation_cmake/cmake)
[6.488s] -- Using RMW implementation 'rmw_fastrtps_cpp' as default
[6.496s] -- Looking for pthread.h
[6.816s] -- Looking for pthread.h - found
[6.816s] -- Performing Test CMAKE_HAVE_LIBC_PTHREAD
[7.122s] -- Performing Test CMAKE_HAVE_LIBC_PTHREAD - Failed
[7.122s] -- Looking for pthread_create in pthreads
[7.362s] -- Looking for pthread_create in pthreads - not found
[7.363s] -- Looking for pthread_create in pthread
[7.650s] -- Looking for pthread_create in pthread - found
[7.653s] -- Found Threads: TRUE  
[8.398s] -- Found rclcpp_components: 2.3.1 (/opt/ros/foxy/share/rclcpp_components/cmake)
[8.716s] -- Found sensor_msgs: 2.0.4 (/opt/ros/foxy/share/sensor_msgs/cmake)
[9.537s] -- Configuring done
[9.654s] -- Generating done
[9.661s] -- Build files have been written to: /home/ubuntu/turtlebot3_ws/build/raspicam2
[9.690s] Invoked command in '/home/ubuntu/turtlebot3_ws/build/raspicam2' returned '0': CMAKE_PREFIX_PATH=${CMAKE_PREFIX_PATH}:/home/ubuntu/turtlebot3_ws/install/turtlebot3_teleop:/home/ubuntu/turtlebot3_ws/install/turtlebot3_example:/opt/ros/foxy /usr/bin/cmake /home/ubuntu/turtlebot3_ws/src/raspicam2_node -DAMENT_CMAKE_SYMLINK_INSTALL=1 -DCMAKE_INSTALL_PREFIX=/home/ubuntu/turtlebot3_ws/install/raspicam2
[9.698s] Invoking command in '/home/ubuntu/turtlebot3_ws/build/raspicam2': CMAKE_PREFIX_PATH=${CMAKE_PREFIX_PATH}:/home/ubuntu/turtlebot3_ws/install/turtlebot3_teleop:/home/ubuntu/turtlebot3_ws/install/turtlebot3_example:/opt/ros/foxy /usr/bin/cmake --build /home/ubuntu/turtlebot3_ws/build/raspicam2 -- -j4 -l4
[9.859s] [35m[1mScanning dependencies of target raspicam_common[0m
[9.934s] [ 14%] [32mBuilding C object CMakeFiles/raspicam_common.dir/src/RaspiCamControl.c.o[0m
[9.935s] [ 14%] [32mBuilding C object CMakeFiles/raspicam_common.dir/src/RaspiCLI.c.o[0m
[9.939s] [ 21%] [32mBuilding C object CMakeFiles/raspicam_common.dir/src/RaspiCommonSettings.c.o[0m
[9.941s] [ 28%] [32mBuilding C object CMakeFiles/raspicam_common.dir/src/RaspiPreview.c.o[0m
[10.235s] [01m[K/home/ubuntu/turtlebot3_ws/src/raspicam2_node/src/RaspiPreview.c:210:2:[m[K [01;35m[Kwarning: [m[KISO C does not allow extra ‘[01m[K;[m[K’ outside of a function [[01;35m[K-Wpedantic[m[K]
[10.236s]   210 | }[01;35m[K;[m[K
[10.237s]       |  [01;35m[K^[m[K
[10.239s] [01m[K/home/ubuntu/turtlebot3_ws/src/raspicam2_node/src/RaspiCamControl.c:207:4:[m[K [01;35m[Kwarning: [m[Kmissing initializer for field ‘[01m[Knum_parameters[m[K’ of ‘[01m[KCOMMAND_LIST[m[K’ {aka ‘[01m[Kstruct <anonymous>[m[K’} [[01;35m[K-Wmissing-field-initializers[m[K]
[10.240s]   207 |    [01;35m[K{[m[KCommandStatsPass,   "-stats",     "st", "Force recomputation of statistics on stills capture pass"},
[10.240s]       |    [01;35m[K^[m[K
[10.241s] In file included from [01m[K/home/ubuntu/turtlebot3_ws/src/raspicam2_node/src/RaspiCamControl.c:44[m[K:
[10.242s] [01m[K/home/ubuntu/turtlebot3_ws/src/raspicam2_node/include/RaspiCLI.h:38:8:[m[K [01;36m[Knote: [m[K‘[01m[Knum_parameters[m[K’ declared here
[10.242s]    38 |    int [01;36m[Knum_parameters[m[K;
[10.245s]       |        [01;36m[K^~~~~~~~~~~~~~[m[K
[10.247s] [01m[K/home/ubuntu/turtlebot3_ws/src/raspicam2_node/src/RaspiCamControl.c:210:4:[m[K [01;35m[Kwarning: [m[Kmissing initializer for field ‘[01m[Knum_parameters[m[K’ of ‘[01m[KCOMMAND_LIST[m[K’ {aka ‘[01m[Kstruct <anonymous>[m[K’} [[01;35m[K-Wmissing-field-initializers[m[K]
[10.248s]   210 |    [01;35m[K{[m[KCommandStereoDecimate,"-decimate","dec", "Half width/height of stereo image"},
[10.249s]       |    [01;35m[K^[m[K
[10.250s] In file included from [01m[K/home/ubuntu/turtlebot3_ws/src/raspicam2_node/src/RaspiCamControl.c:44[m[K:
[10.250s] [01m[K/home/ubuntu/turtlebot3_ws/src/raspicam2_node/include/RaspiCLI.h:38:8:[m[K [01;36m[Knote: [m[K‘[01m[Knum_parameters[m[K’ declared here
[10.253s]    38 |    int [01;36m[Knum_parameters[m[K;
[10.254s]       |        [01;36m[K^~~~~~~~~~~~~~[m[K
[10.254s] [01m[K/home/ubuntu/turtlebot3_ws/src/raspicam2_node/src/RaspiCamControl.c:211:4:[m[K [01;35m[Kwarning: [m[Kmissing initializer for field ‘[01m[Knum_parameters[m[K’ of ‘[01m[KCOMMAND_LIST[m[K’ {aka ‘[01m[Kstruct <anonymous>[m[K’} [[01;35m[K-Wmissing-field-initializers[m[K]
[10.258s]   211 |    [01;35m[K{[m[KCommandStereoSwap,  "-3dswap",    "3dswap", "Swap camera order for stereoscopic"},
[10.258s]       |    [01;35m[K^[m[K
[10.259s] In file included from [01m[K/home/ubuntu/turtlebot3_ws/src/raspicam2_node/src/RaspiCamControl.c:44[m[K:
[10.260s] [01m[K/home/ubuntu/turtlebot3_ws/src/raspicam2_node/include/RaspiCLI.h:38:8:[m[K [01;36m[Knote: [m[K‘[01m[Knum_parameters[m[K’ declared here
[10.261s]    38 |    int [01;36m[Knum_parameters[m[K;
[10.262s]       |        [01;36m[K^~~~~~~~~~~~~~[m[K
[10.262s] [01m[K/home/ubuntu/turtlebot3_ws/src/raspicam2_node/src/RaspiPreview.c:[m[K In function ‘[01m[Kraspipreview_parse_cmdline[m[K’:
[10.263s] [01m[K/home/ubuntu/turtlebot3_ws/src/raspicam2_node/src/RaspiPreview.c:262:26:[m[K [01;35m[Kwarning: [m[Kformat ‘[01m[K%u[m[K’ expects argument of type ‘[01m[Kunsigned int *[m[K’, but argument 3 has type ‘[01m[Kint *[m[K’ [[01;35m[K-Wformat=[m[K]
[10.264s]   262 |       if (sscanf(arg2, "[01;35m[K%u[m[K", [32m[K&params->opacity[m[K) != 1)
[10.265s]       |                         [01;35m[K~^[m[K   [32m[K~~~~~~~~~~~~~~~~[m[K
[10.266s]       |                          [01;35m[K|[m[K   [32m[K|[m[K
[10.267s]       |                          [01;35m[K|[m[K   [32m[Kint *[m[K
[10.268s]       |                          [01;35m[Kunsigned int *[m[K
[10.268s]       |                         [32m[K%u[m[K
[10.269s] In file included from [01m[K/home/ubuntu/turtlebot3_ws/src/raspicam2_node/include/libgps_loader.h:31[m[K,
[10.270s]                  from [01m[K/home/ubuntu/turtlebot3_ws/src/raspicam2_node/include/RaspiGPS.h:34[m[K,
[10.270s]                  from [01m[K/home/ubuntu/turtlebot3_ws/src/raspicam2_node/src/RaspiCommonSettings.c:58[m[K:
[10.271s] [01m[K/home/ubuntu/turtlebot3_ws/src/raspicam2_node/include/gps.h:290:6:[m[K [01;35m[Kwarning: [m[KISO C99 doesn’t support unnamed structs/unions [[01;35m[K-Wpedantic[m[K]
[10.272s]   290 |     }[01;35m[K;[m[K
[10.274s]       |      [01;35m[K^[m[K
[10.274s] [01m[K/home/ubuntu/turtlebot3_ws/src/raspicam2_node/src/RaspiCamControl.c:[m[K In function ‘[01m[Kraspicamcontrol_parse_cmdline[m[K’:
[10.276s] [01m[K/home/ubuntu/turtlebot3_ws/src/raspicam2_node/src/RaspiCamControl.c:776:22:[m[K [01;35m[Kwarning: [m[Kformat ‘[01m[K%u[m[K’ expects argument of type ‘[01m[Kunsigned int *[m[K’, but argument 3 has type ‘[01m[Kint *[m[K’ [[01;35m[K-Wformat=[m[K]
[10.279s]   776 |       sscanf(arg2, "[01;35m[K%u[m[K,%X,%X,%u,%u,%u", [32m[K&params->annotate_text_size[m[K,
[10.284s]       |                     [01;35m[K~^[m[K                  [32m[K~~~~~~~~~~~~~~~~~~~~~~~~~~~[m[K
[10.285s]       |                      [01;35m[K|[m[K                  [32m[K|[m[K
[10.286s]       |                      [01;35m[Kunsigned int *[m[K     [32m[Kint *[m[K
[10.287s]       |                     [32m[K%u[m[K
[10.288s] [01m[K/home/ubuntu/turtlebot3_ws/src/raspicam2_node/src/RaspiCamControl.c:776:25:[m[K [01;35m[Kwarning: [m[Kformat ‘[01m[K%X[m[K’ expects argument of type ‘[01m[Kunsigned int *[m[K’, but argument 4 has type ‘[01m[Kint *[m[K’ [[01;35m[K-Wformat=[m[K]
[10.289s]   776 |       sscanf(arg2, "%u,[01;35m[K%X[m[K,%X,%u,%u,%u", &params->annotate_text_size,
[10.290s]       |                        [01;35m[K~^[m[K
[10.291s]       |                         [01;35m[K|[m[K
[10.291s]       |                         [01;35m[Kunsigned int *[m[K
[10.292s]       |                        [32m[K%X[m[K
[10.293s]   777 |              [32m[K&params->annotate_text_colour[m[K,
[10.293s]       |              [32m[K~~~~~~~~~~~~~~~~~~~~~~~~~~~~~[m[K
[10.293s]       |              [32m[K|[m[K
[10.294s]       |              [32m[Kint *[m[K
[10.295s] [01m[K/home/ubuntu/turtlebot3_ws/src/raspicam2_node/src/RaspiCamControl.c:776:28:[m[K [01;35m[Kwarning: [m[Kformat ‘[01m[K%X[m[K’ expects argument of type ‘[01m[Kunsigned int *[m[K’, but argument 5 has type ‘[01m[Kint *[m[K’ [[01;35m[K-Wformat=[m[K]
[10.295s]   776 |       sscanf(arg2, "%u,%X,[01;35m[K%X[m[K,%u,%u,%u", &params->annotate_text_size,
[10.296s]       |                           [01;35m[K~^[m[K
[10.297s]       |                            [01;35m[K|[m[K
[10.297s]       |                            [01;35m[Kunsigned int *[m[K
[10.298s]       |                           [32m[K%X[m[K
[10.299s]   777 |              &params->annotate_text_colour,
[10.299s]   778 |              [32m[K&params->annotate_bg_colour[m[K,
[10.300s]       |              [32m[K~~~~~~~~~~~~~~~~~~~~~~~~~~~[m[K
[10.301s]       |              [32m[K|[m[K
[10.303s]       |              [32m[Kint *[m[K
[10.305s] [01m[K/home/ubuntu/turtlebot3_ws/src/raspicam2_node/include/gps.h:871:6:[m[K [01;35m[Kwarning: [m[KISO C99 doesn’t support unnamed structs/unions [[01;35m[K-Wpedantic[m[K]
[10.307s]   871 |     }[01;35m[K;[m[K
[10.308s]       |      [01;35m[K^[m[K
[10.309s] [01m[K/home/ubuntu/turtlebot3_ws/src/raspicam2_node/include/gps.h:1216:8:[m[K [01;35m[Kwarning: [m[KISO C99 doesn’t support unnamed structs/unions [[01;35m[K-Wpedantic[m[K]
[10.309s]  1216 |       }[01;35m[K;[m[K
[10.310s]       |        [01;35m[K^[m[K
[10.311s] [01m[K/home/ubuntu/turtlebot3_ws/src/raspicam2_node/include/gps.h:1255:7:[m[K [01;35m[Kwarning: [m[KISO C99 doesn’t support unnamed structs/unions [[01;35m[K-Wpedantic[m[K]
[10.312s]  1255 |      }[01;35m[K;[m[K
[10.313s]       |       [01;35m[K^[m[K
[10.314s] [01m[K/home/ubuntu/turtlebot3_ws/src/raspicam2_node/include/gps.h:1563:7:[m[K [01;35m[Kwarning: [m[KISO C99 doesn’t support unnamed structs/unions [[01;35m[K-Wpedantic[m[K]
[10.315s]  1563 |      }[01;35m[K;[m[K
[10.316s]       |       [01;35m[K^[m[K
[10.317s] [01m[K/home/ubuntu/turtlebot3_ws/src/raspicam2_node/include/gps.h:1746:7:[m[K [01;35m[Kwarning: [m[KISO C99 doesn’t support unnamed structs/unions [[01;35m[K-Wpedantic[m[K]
[10.318s]  1746 |      }[01;35m[K;[m[K
[10.319s]       |       [01;35m[K^[m[K
[10.320s] [01m[K/home/ubuntu/turtlebot3_ws/src/raspicam2_node/include/gps.h:1788:7:[m[K [01;35m[Kwarning: [m[KISO C99 doesn’t support unnamed structs/unions [[01;35m[K-Wpedantic[m[K]
[10.321s]  1788 |      }[01;35m[K;[m[K
[10.322s]       |       [01;35m[K^[m[K
[10.323s] [01m[K/home/ubuntu/turtlebot3_ws/src/raspicam2_node/include/gps.h:1827:6:[m[K [01;35m[Kwarning: [m[KISO C99 doesn’t support unnamed structs/unions [[01;35m[K-Wpedantic[m[K]
[10.324s]  1827 |     }[01;35m[K;[m[K
[10.325s]       |      [01;35m[K^[m[K
[10.326s] In file included from [01m[K/home/ubuntu/turtlebot3_ws/src/raspicam2_node/include/libgps_loader.h:31[m[K,
[10.327s]                  from [01m[K/home/ubuntu/turtlebot3_ws/src/raspicam2_node/include/RaspiGPS.h:34[m[K,
[10.329s]                  from [01m[K/home/ubuntu/turtlebot3_ws/src/raspicam2_node/src/RaspiCommonSettings.c:58[m[K:
[10.331s] [01m[K/home/ubuntu/turtlebot3_ws/src/raspicam2_node/include/gps.h:2080:6:[m[K [01;35m[Kwarning: [m[KISO C99 doesn’t support unnamed structs/unions [[01;35m[K-Wpedantic[m[K]
[10.332s]  2080 |     }[01;35m[K;[m[K
[10.332s]       |      [01;35m[K^[m[K
[10.333s] [01m[K/home/ubuntu/turtlebot3_ws/src/raspicam2_node/src/RaspiCommonSettings.c:99:2:[m[K [01;35m[Kwarning: [m[KISO C does not allow extra ‘[01m[K;[m[K’ outside of a function [[01;35m[K-Wpedantic[m[K]
[10.334s]    99 | }[01;35m[K;[m[K
[10.334s]       |  [01;35m[K^[m[K
[10.335s] [01m[K/home/ubuntu/turtlebot3_ws/src/raspicam2_node/src/RaspiCommonSettings.c:114:2:[m[K [01;35m[Kwarning: [m[KISO C does not allow extra ‘[01m[K;[m[K’ outside of a function [[01;35m[K-Wpedantic[m[K]
[10.335s]   114 | }[01;35m[K;[m[K
[10.336s]       |  [01;35m[K^[m[K
[10.337s] [01m[K/home/ubuntu/turtlebot3_ws/src/raspicam2_node/src/RaspiCamControl.c:[m[K In function ‘[01m[Kraspicamcontrol_set_ROI[m[K’:
[10.338s] [01m[K/home/ubuntu/turtlebot3_ws/src/raspicam2_node/src/RaspiCamControl.c:1455:4:[m[K [01;35m[Kwarning: [m[Kmissing initializer for field ‘[01m[Krect[m[K’ of ‘[01m[KMMAL_PARAMETER_INPUT_CROP_T[m[K’ {aka ‘[01m[Kstruct MMAL_PARAMETER_INPUT_CROP_T[m[K’} [[01;35m[K-Wmissing-field-initializers[m[K]
[10.339s]  1455 |    [01;35m[KMMAL_PARAMETER_INPUT_CROP_T[m[K crop = {{MMAL_PARAMETER_INPUT_CROP, sizeof(MMAL_PARAMETER_INPUT_CROP_T)}};
[10.340s]       |    [01;35m[K^~~~~~~~~~~~~~~~~~~~~~~~~~~[m[K
[10.342s] [01m[K/home/ubuntu/turtlebot3_ws/src/raspicam2_node/src/RaspiCommonSettings.c:[m[K In function ‘[01m[Kraspicommonsettings_parse_cmdline[m[K’:
[10.343s] [01m[K/home/ubuntu/turtlebot3_ws/src/raspicam2_node/src/RaspiCommonSettings.c:149:32:[m[K [01;35m[Kwarning: [m[Kimplicit declaration of function ‘[01m[Kbasename[m[K’; did you mean ‘[01m[Krename[m[K’? [[01;35m[K-Wimplicit-function-declaration[m[K]
[10.345s]   149 |       display_valid_parameters([01;35m[Kbasename[m[K(get_app_name()), app_help);
[10.346s]       |                                [01;35m[K^~~~~~~~[m[K
[10.346s]       |                                [32m[Krename[m[K
[10.347s] [01m[K/home/ubuntu/turtlebot3_ws/src/raspicam2_node/src/RaspiCommonSettings.c:149:32:[m[K [01;35m[Kwarning: [m[Kpassing argument 1 of ‘[01m[Kdisplay_valid_parameters[m[K’ makes pointer from integer without a cast [[01;35m[K-Wint-conversion[m[K]
[10.348s]   149 |       display_valid_parameters([01;35m[Kbasename(get_app_name())[m[K, app_help);
[10.348s]       |                                [01;35m[K^~~~~~~~~~~~~~~~~~~~~~~~[m[K
[10.349s]       |                                [01;35m[K|[m[K
[10.351s]       |                                [01;35m[Kint[m[K
[10.352s] In file included from [01m[K/home/ubuntu/turtlebot3_ws/src/raspicam2_node/src/RaspiCommonSettings.c:57[m[K:
[10.353s] [01m[K/home/ubuntu/turtlebot3_ws/src/raspicam2_node/include/RaspiHelpers.h:32:37:[m[K [01;36m[Knote: [m[Kexpected ‘[01m[Kchar *[m[K’ but argument is of type ‘[01m[Kint[m[K’
[10.354s]    32 | void display_valid_parameters([01;36m[Kchar *name[m[K, void (*app_help)(char*));
[10.355s]       |                               [01;36m[K~~~~~~^~~~[m[K
[10.356s] In file included from [01m[K/usr/include/interface/mmal/mmal_parameters.h:32[m[K,
[10.357s]                  from [01m[K/usr/include/interface/mmal/mmal_port.h:42[m[K,
[10.359s]                  from [01m[K/usr/include/interface/mmal/mmal.h:357[m[K,
[10.360s]                  from [01m[K/home/ubuntu/turtlebot3_ws/src/raspicam2_node/src/RaspiCamControl.c:36[m[K:
[10.362s] [01m[K/usr/include/interface/mmal/mmal_parameters_camera.h:587:28:[m[K [01;36m[Knote: [m[K‘[01m[Krect[m[K’ declared here
[10.363s]   587 |    MMAL_RECT_T             [01;36m[Krect[m[K;    /**< Crop rectangle as 16P16 fixed point values */
[10.364s]       |                            [01;36m[K^~~~[m[K
[10.366s] [01m[K/home/ubuntu/turtlebot3_ws/src/raspicam2_node/src/RaspiCommonSettings.c:154:26:[m[K [01;35m[Kwarning: [m[Kformat ‘[01m[K%u[m[K’ expects argument of type ‘[01m[Kunsigned int *[m[K’, but argument 3 has type ‘[01m[Kint *[m[K’ [[01;35m[K-Wformat=[m[K]
[10.367s]   154 |       if (sscanf(arg2, "[01;35m[K%u[m[K", [32m[K&state->width[m[K) == 1)
[10.368s]       |                         [01;35m[K~^[m[K   [32m[K~~~~~~~~~~~~~[m[K
[10.370s]       |                          [01;35m[K|[m[K   [32m[K|[m[K
[10.371s]       |                          [01;35m[K|[m[K   [32m[Kint *[m[K
[10.372s]       |                          [01;35m[Kunsigned int *[m[K
[10.373s]       |                         [32m[K%u[m[K
[10.374s] [01m[K/home/ubuntu/turtlebot3_ws/src/raspicam2_node/src/RaspiCommonSettings.c:159:26:[m[K [01;35m[Kwarning: [m[Kformat ‘[01m[K%u[m[K’ expects argument of type ‘[01m[Kunsigned int *[m[K’, but argument 3 has type ‘[01m[Kint *[m[K’ [[01;35m[K-Wformat=[m[K]
[10.376s]   159 |       if (sscanf(arg2, "[01;35m[K%u[m[K", [32m[K&state->height[m[K) == 1)
[10.376s]       |                         [01;35m[K~^[m[K   [32m[K~~~~~~~~~~~~~~[m[K
[10.377s]       |                          [01;35m[K|[m[K   [32m[K|[m[K
[10.378s]       |                          [01;35m[K|[m[K   [32m[Kint *[m[K
[10.379s]       |                          [01;35m[Kunsigned int *[m[K
[10.379s]       |                         [32m[K%u[m[K
[10.380s] [01m[K/home/ubuntu/turtlebot3_ws/src/raspicam2_node/src/RaspiCommonSettings.c:207:26:[m[K [01;35m[Kwarning: [m[Kformat ‘[01m[K%u[m[K’ expects argument of type ‘[01m[Kunsigned int *[m[K’, but argument 3 has type ‘[01m[Kint *[m[K’ [[01;35m[K-Wformat=[m[K]
[10.381s]   207 |       if (sscanf(arg2, "[01;35m[K%u[m[K", [32m[K&state->cameraNum[m[K) == 1)
[10.382s]       |                         [01;35m[K~^[m[K   [32m[K~~~~~~~~~~~~~~~~~[m[K
[10.382s]       |                          [01;35m[K|[m[K   [32m[K|[m[K
[10.383s]       |                          [01;35m[K|[m[K   [32m[Kint *[m[K
[10.384s]       |                          [01;35m[Kunsigned int *[m[K
[10.385s]       |                         [32m[K%u[m[K
[10.386s] [01m[K/home/ubuntu/turtlebot3_ws/src/raspicam2_node/src/RaspiCommonSettings.c:214:26:[m[K [01;35m[Kwarning: [m[Kformat ‘[01m[K%u[m[K’ expects argument of type ‘[01m[Kunsigned int *[m[K’, but argument 3 has type ‘[01m[Kint *[m[K’ [[01;35m[K-Wformat=[m[K]
[10.386s]   214 |       if (sscanf(arg2, "[01;35m[K%u[m[K", [32m[K&state->sensor_mode[m[K) == 1)
[10.387s]       |                         [01;35m[K~^[m[K   [32m[K~~~~~~~~~~~~~~~~~~~[m[K
[10.388s]       |                          [01;35m[K|[m[K   [32m[K|[m[K
[10.389s]       |                          [01;35m[K|[m[K   [32m[Kint *[m[K
[10.390s]       |                          [01;35m[Kunsigned int *[m[K
[10.390s]       |                         [32m[K%u[m[K
[10.391s] [01m[K/home/ubuntu/turtlebot3_ws/src/raspicam2_node/src/RaspiCamControl.c:[m[K In function ‘[01m[Kraspicamcontrol_zoom_in_zoom_out[m[K’:
[10.392s] [01m[K/home/ubuntu/turtlebot3_ws/src/raspicam2_node/src/RaspiCamControl.c:1485:27:[m[K [01;35m[Kwarning: [m[Kcomparison of integer expressions of different signedness: ‘[01m[Kint32_t[m[K’ {aka ‘[01m[Kint[m[K’} and ‘[01m[Klong unsigned int[m[K’ [[01;35m[K-Wsign-compare[m[K]
[10.394s]  1485 |       if (crop.rect.width [01;35m[K<=[m[K (zoom_full_16P16 + zoom_increment_16P16))
[10.394s]       |                           [01;35m[K^~[m[K
[10.395s] [01m[K/home/ubuntu/turtlebot3_ws/src/raspicam2_node/src/RaspiCamControl.c:1499:26:[m[K [01;35m[Kwarning: [m[Kcomparison of integer expressions of different signedness: ‘[01m[Kunsigned int[m[K’ and ‘[01m[Kint32_t[m[K’ {aka ‘[01m[Kint[m[K’} [[01;35m[K-Wsign-compare[m[K]
[10.396s]  1499 |       if (increased_size [01;35m[K<[m[K crop.rect.width) //overflow
[10.397s]       |                          [01;35m[K^[m[K
[10.398s] [01m[K/home/ubuntu/turtlebot3_ws/src/raspicam2_node/src/RaspiCamControl.c:[m[K In function ‘[01m[Kraspicamcontrol_set_annotate[m[K’:
[10.398s] [01m[K/home/ubuntu/turtlebot3_ws/src/raspicam2_node/src/RaspiCamControl.c:1598:4:[m[K [01;35m[Kwarning: [m[Kmissing initializer for field ‘[01m[Kenable[m[K’ of ‘[01m[KMMAL_PARAMETER_CAMERA_ANNOTATE_V4_T[m[K’ {aka ‘[01m[Kstruct MMAL_PARAMETER_CAMERA_ANNOTATE_V4_T[m[K’} [[01;35m[K-Wmissing-field-initializers[m[K]
[10.399s]  1598 |    [01;35m[K{[m[K{MMAL_PARAMETER_ANNOTATE, sizeof(MMAL_PARAMETER_CAMERA_ANNOTATE_V4_T)}};
[10.400s]       |    [01;35m[K^[m[K
[10.401s] In file included from [01m[K/usr/include/interface/mmal/mmal_parameters.h:32[m[K,
[10.401s]                  from [01m[K/usr/include/interface/mmal/mmal_port.h:42[m[K,
[10.402s]                  from [01m[K/usr/include/interface/mmal/mmal.h:357[m[K,
[10.403s]                  from [01m[K/home/ubuntu/turtlebot3_ws/src/raspicam2_node/src/RaspiCamControl.c:36[m[K:
[10.403s] [01m[K/usr/include/interface/mmal/mmal_parameters_camera.h:791:16:[m[K [01;36m[Knote: [m[K‘[01m[Kenable[m[K’ declared here
[10.405s]   791 |    MMAL_BOOL_T [01;36m[Kenable[m[K;
[10.405s]       |                [01;36m[K^~~~~~[m[K
[10.407s] [01m[K/home/ubuntu/turtlebot3_ws/src/raspicam2_node/src/RaspiCamControl.c:[m[K In function ‘[01m[Kdefault_camera_control_callback[m[K’:
[10.408s] [01m[K/home/ubuntu/turtlebot3_ws/src/raspicam2_node/src/RaspiCamControl.c:1793:51:[m[K [01;35m[Kwarning: [m[Kunused parameter ‘[01m[Kport[m[K’ [[01;35m[K-Wunused-parameter[m[K]
[10.409s]  1793 | void default_camera_control_callback([01;35m[KMMAL_PORT_T *port[m[K, MMAL_BUFFER_HEADER_T *buffer)
[10.409s]       |                                      [01;35m[K~~~~~~~~~~~~~^~~~[m[K
[10.410s] [ 35%] [32mBuilding C object CMakeFiles/raspicam_common.dir/src/RaspiHelpers.c.o[0m
[10.447s] [ 42%] [32mBuilding C object CMakeFiles/raspicam_common.dir/src/RaspiGPS.c.o[0m
[10.459s] [ 50%] [32mBuilding C object CMakeFiles/raspicam_common.dir/src/libgps_loader.c.o[0m
[10.589s] [01m[K/home/ubuntu/turtlebot3_ws/src/raspicam2_node/src/RaspiHelpers.c:[m[K In function ‘[01m[Kprint_app_details[m[K’:
[10.590s] [01m[K/home/ubuntu/turtlebot3_ws/src/raspicam2_node/src/RaspiHelpers.c:66:57:[m[K [01;35m[Kwarning: [m[Kimplicit declaration of function ‘[01m[Kbasename[m[K’; did you mean ‘[01m[Krename[m[K’? [[01;35m[K-Wimplicit-function-declaration[m[K]
[10.590s]    66 |    fprintf(fd, "\n\"%s\" Camera App (commit %s%s)\n\n", [01;35m[Kbasename[m[K(app_name), GIT_COMMIT_ID, TAINTED);
[10.591s]       |                                                         [01;35m[K^~~~~~~~[m[K
[10.592s]       |                                                         [32m[Krename[m[K
[10.593s] [01m[K/home/ubuntu/turtlebot3_ws/src/raspicam2_node/src/RaspiHelpers.c:66:22:[m[K [01;35m[Kwarning: [m[Kformat ‘[01m[K%s[m[K’ expects argument of type ‘[01m[Kchar *[m[K’, but argument 3 has type ‘[01m[Kint[m[K’ [[01;35m[K-Wformat=[m[K]
[10.593s]    66 |    fprintf(fd, "\n\"[01;35m[K%s[m[K\" Camera App (commit %s%s)\n\n", [32m[Kbasename(app_name)[m[K, GIT_COMMIT_ID, TAINTED);
[10.594s]       |                     [01;35m[K~^[m[K                                  [32m[K~~~~~~~~~~~~~~~~~~[m[K
[10.595s]       |                      [01;35m[K|[m[K                                  [32m[K|[m[K
[10.596s]       |                      [01;35m[Kchar *[m[K                             [32m[Kint[m[K
[10.608s]       |                     [32m[K%d[m[K
[10.609s] [01m[K/home/ubuntu/turtlebot3_ws/src/raspicam2_node/src/RaspiHelpers.c:[m[K In function ‘[01m[Kget_sensor_defaults[m[K’:
[10.610s] [01m[K/home/ubuntu/turtlebot3_ws/src/raspicam2_node/src/RaspiHelpers.c:112:58:[m[K [01;35m[Kwarning: [m[Kcomparison of integer expressions of different signedness: ‘[01m[Kuint32_t[m[K’ {aka ‘[01m[Kunsigned int[m[K’} and ‘[01m[Kint[m[K’ [[01;35m[K-Wsign-compare[m[K]
[10.611s]   112 |          if (status == MMAL_SUCCESS && param.num_cameras [01;35m[K>[m[K camera_num)
[10.612s]       |                                                          [01;35m[K^[m[K
[10.613s] In file included from [01m[K/home/ubuntu/turtlebot3_ws/src/raspicam2_node/include/libgps_loader.h:31[m[K,
[10.614s]                  from [01m[K/home/ubuntu/turtlebot3_ws/src/raspicam2_node/include/RaspiGPS.h:34[m[K,
[10.615s]                  from [01m[K/home/ubuntu/turtlebot3_ws/src/raspicam2_node/src/RaspiGPS.c:35[m[K:
[10.616s] [01m[K/home/ubuntu/turtlebot3_ws/src/raspicam2_node/include/gps.h:290:6:[m[K [01;35m[Kwarning: [m[KISO C99 doesn’t support unnamed structs/unions [[01;35m[K-Wpedantic[m[K]
[10.617s]   290 |     }[01;35m[K;[m[K
[10.618s]       |      [01;35m[K^[m[K
[10.619s] [01m[K/home/ubuntu/turtlebot3_ws/src/raspicam2_node/include/gps.h:871:6:[m[K [01;35m[Kwarning: [m[KISO C99 doesn’t support unnamed structs/unions [[01;35m[K-Wpedantic[m[K]
[10.620s]   871 |     }[01;35m[K;[m[K
[10.633s]       |      [01;35m[K^[m[K
[10.636s] [01m[K/home/ubuntu/turtlebot3_ws/src/raspicam2_node/include/gps.h:1216:8:[m[K [01;35m[Kwarning: [m[KISO C99 doesn’t support unnamed structs/unions [[01;35m[K-Wpedantic[m[K]
[10.637s]  1216 |       }[01;35m[K;[m[K
[10.638s]       |        [01;35m[K^[m[K
[10.639s] [01m[K/home/ubuntu/turtlebot3_ws/src/raspicam2_node/include/gps.h:1255:7:[m[K [01;35m[Kwarning: [m[KISO C99 doesn’t support unnamed structs/unions [[01;35m[K-Wpedantic[m[K]
[10.640s]  1255 |      }[01;35m[K;[m[K
[10.641s]       |       [01;35m[K^[m[K
[10.652s] [01m[K/home/ubuntu/turtlebot3_ws/src/raspicam2_node/include/gps.h:1563:7:[m[K [01;35m[Kwarning: [m[KISO C99 doesn’t support unnamed structs/unions [[01;35m[K-Wpedantic[m[K]
[10.654s]  1563 |      }[01;35m[K;[m[K
[10.656s]       |       [01;35m[K^[m[K
[10.657s] [01m[K/home/ubuntu/turtlebot3_ws/src/raspicam2_node/include/gps.h:1746:7:[m[K [01;35m[Kwarning: [m[KISO C99 doesn’t support unnamed structs/unions [[01;35m[K-Wpedantic[m[K]
[10.658s]  1746 |      }[01;35m[K;[m[K
[10.659s]       |       [01;35m[K^[m[K
[10.659s] [01m[K/home/ubuntu/turtlebot3_ws/src/raspicam2_node/include/gps.h:1788:7:[m[K [01;35m[Kwarning: [m[KISO C99 doesn’t support unnamed structs/unions [[01;35m[K-Wpedantic[m[K]
[10.660s]  1788 |      }[01;35m[K;[m[K
[10.661s]       |       [01;35m[K^[m[K
[10.662s] [01m[K/home/ubuntu/turtlebot3_ws/src/raspicam2_node/include/gps.h:1827:6:[m[K [01;35m[Kwarning: [m[KISO C99 doesn’t support unnamed structs/unions [[01;35m[K-Wpedantic[m[K]
[10.663s]  1827 |     }[01;35m[K;[m[K
[10.664s]       |      [01;35m[K^[m[K
[10.665s] In file included from [01m[K/home/ubuntu/turtlebot3_ws/src/raspicam2_node/include/libgps_loader.h:31[m[K,
[10.665s]                  from [01m[K/home/ubuntu/turtlebot3_ws/src/raspicam2_node/include/RaspiGPS.h:34[m[K,
[10.666s]                  from [01m[K/home/ubuntu/turtlebot3_ws/src/raspicam2_node/src/RaspiGPS.c:35[m[K:
[10.666s] [01m[K/home/ubuntu/turtlebot3_ws/src/raspicam2_node/include/gps.h:2080:6:[m[K [01;35m[Kwarning: [m[KISO C99 doesn’t support unnamed structs/unions [[01;35m[K-Wpedantic[m[K]
[10.667s]  2080 |     }[01;35m[K;[m[K
[10.680s]       |      [01;35m[K^[m[K
[10.681s] In file included from [01m[K/home/ubuntu/turtlebot3_ws/src/raspicam2_node/include/libgps_loader.h:31[m[K,
[10.682s]                  from [01m[K/home/ubuntu/turtlebot3_ws/src/raspicam2_node/src/libgps_loader.c:34[m[K:
[10.682s] [01m[K/home/ubuntu/turtlebot3_ws/src/raspicam2_node/include/gps.h:290:6:[m[K [01;35m[Kwarning: [m[KISO C99 doesn’t support unnamed structs/unions [[01;35m[K-Wpedantic[m[K]
[10.683s]   290 |     }[01;35m[K;[m[K
[10.683s]       |      [01;35m[K^[m[K
[10.684s] [01m[K/home/ubuntu/turtlebot3_ws/src/raspicam2_node/src/RaspiGPS.c:[m[K In function ‘[01m[Kgps_reader_process[m[K’:
[10.685s] [01m[K/home/ubuntu/turtlebot3_ws/src/raspicam2_node/src/RaspiGPS.c:63:39:[m[K [01;35m[Kwarning: [m[Kunused parameter ‘[01m[Kgps_reader_data_ptr[m[K’ [[01;35m[K-Wunused-parameter[m[K]
[10.685s]    63 | static void *gps_reader_process([01;35m[Kvoid *gps_reader_data_ptr[m[K)
[10.686s]       |                                 [01;35m[K~~~~~~^~~~~~~~~~~~~~~~~~~[m[K
[10.687s] [01m[K/home/ubuntu/turtlebot3_ws/src/raspicam2_node/include/gps.h:871:6:[m[K [01;35m[Kwarning: [m[KISO C99 doesn’t support unnamed structs/unions [[01;35m[K-Wpedantic[m[K]
[10.687s]   871 |     }[01;35m[K;[m[K
[10.688s]       |      [01;35m[K^[m[K
[10.689s] [01m[K/home/ubuntu/turtlebot3_ws/src/raspicam2_node/include/gps.h:1216:8:[m[K [01;35m[Kwarning: [m[KISO C99 doesn’t support unnamed structs/unions [[01;35m[K-Wpedantic[m[K]
[10.689s]  1216 |       }[01;35m[K;[m[K
[10.690s]       |        [01;35m[K^[m[K
[10.690s] [01m[K/home/ubuntu/turtlebot3_ws/src/raspicam2_node/include/gps.h:1255:7:[m[K [01;35m[Kwarning: [m[KISO C99 doesn’t support unnamed structs/unions [[01;35m[K-Wpedantic[m[K]
[10.691s]  1255 |      }[01;35m[K;[m[K
[10.704s]       |       [01;35m[K^[m[K
[10.705s] [01m[K/home/ubuntu/turtlebot3_ws/src/raspicam2_node/src/RaspiGPS.c:[m[K In function ‘[01m[Kraspi_gps_location_string[m[K’:
[10.706s] [01m[K/home/ubuntu/turtlebot3_ws/src/raspicam2_node/src/RaspiGPS.c:238:4:[m[K [01;35m[Kwarning: [m[Kimplicit declaration of function ‘[01m[Kasprintf[m[K’; did you mean ‘[01m[Kvsprintf[m[K’? [[01;35m[K-Wimplicit-function-declaration[m[K]
[10.707s]   238 |    [01;35m[Kasprintf[m[K(&text,  "%s Lat %s Long %s %s %s %s", datetime, lat, lon, alt, speed, track);
[10.708s]       |    [01;35m[K^~~~~~~~[m[K
[10.709s]       |    [32m[Kvsprintf[m[K
[10.709s] [01m[K/home/ubuntu/turtlebot3_ws/src/raspicam2_node/include/gps.h:1563:7:[m[K [01;35m[Kwarning: [m[KISO C99 doesn’t support unnamed structs/unions [[01;35m[K-Wpedantic[m[K]
[10.710s]  1563 |      }[01;35m[K;[m[K
[10.711s]       |       [01;35m[K^[m[K
[10.712s] [01m[K/home/ubuntu/turtlebot3_ws/src/raspicam2_node/include/gps.h:1746:7:[m[K [01;35m[Kwarning: [m[KISO C99 doesn’t support unnamed structs/unions [[01;35m[K-Wpedantic[m[K]
[10.714s]  1746 |      }[01;35m[K;[m[K
[10.715s]       |       [01;35m[K^[m[K
[10.717s] [01m[K/home/ubuntu/turtlebot3_ws/src/raspicam2_node/include/gps.h:1788:7:[m[K [01;35m[Kwarning: [m[KISO C99 doesn’t support unnamed structs/unions [[01;35m[K-Wpedantic[m[K]
[10.718s]  1788 |      }[01;35m[K;[m[K
[10.719s]       |       [01;35m[K^[m[K
[10.720s] [01m[K/home/ubuntu/turtlebot3_ws/src/raspicam2_node/include/gps.h:1827:6:[m[K [01;35m[Kwarning: [m[KISO C99 doesn’t support unnamed structs/unions [[01;35m[K-Wpedantic[m[K]
[10.721s]  1827 |     }[01;35m[K;[m[K
[10.721s]       |      [01;35m[K^[m[K
[10.722s] In file included from [01m[K/home/ubuntu/turtlebot3_ws/src/raspicam2_node/include/libgps_loader.h:31[m[K,
[10.723s]                  from [01m[K/home/ubuntu/turtlebot3_ws/src/raspicam2_node/src/libgps_loader.c:34[m[K:
[10.723s] [01m[K/home/ubuntu/turtlebot3_ws/src/raspicam2_node/include/gps.h:2080:6:[m[K [01;35m[Kwarning: [m[KISO C99 doesn’t support unnamed structs/unions [[01;35m[K-Wpedantic[m[K]
[10.723s]  2080 |     }[01;35m[K;[m[K
[10.724s]       |      [01;35m[K^[m[K
[10.795s] [ 57%] [32m[1mLinking C static library libraspicam_common.a[0m
[10.927s] [ 57%] Built target raspicam_common
[10.966s] [35m[1mScanning dependencies of target raspicam[0m
[11.013s] [ 64%] [32mBuilding CXX object CMakeFiles/raspicam.dir/src/raspicam.cpp.o[0m
[12.249s] In file included from [01m[K/usr/include/interface/vcos/vcos.h:144[m[K,
[12.250s]                  from [01m[K/usr/include/interface/vmcs_host/vc_dispmanx.h:33[m[K,
[12.250s]                  from [01m[K/usr/include/bcm_host.h:50[m[K,
[12.251s]                  from [01m[K/home/ubuntu/turtlebot3_ws/src/raspicam2_node/src/raspicam.cpp:32[m[K:
[12.251s] [01m[K/home/ubuntu/turtlebot3_ws/src/raspicam2_node/src/raspicam.cpp:[m[K In function ‘[01m[Kvoid image_encoder_buffer_callback(MMAL_PORT_T*, MMAL_BUFFER_HEADER_T*)[m[K’:
[12.252s] [01m[K/home/ubuntu/turtlebot3_ws/src/raspicam2_node/src/raspicam.cpp:117:22:[m[K [01;35m[Kwarning: [m[Kformat ‘[01m[K%d[m[K’ expects argument of type ‘[01m[Kint[m[K’, but argument 4 has type ‘[01m[Ksize_t[m[K’ {aka ‘[01m[Klong unsigned int[m[K’} [[01;35m[K-Wformat=[m[K]
[12.252s]   117 |       vcos_log_error([01;35m[K"Failed to write buffer data (%d from %d)- aborting"[m[K, [32m[Kbytes_written[m[K, buffer->length);
[12.252s]       |                      [01;35m[K^~~~~~~~~~~~~~~~~~~~~~~~~~~~~~~~~~~~~~~~~~~~~~~~~~~~[m[K  [32m[K~~~~~~~~~~~~~[m[K
[12.253s]       |                                                                            [32m[K|[m[K
[12.253s]       |                                                                            [32m[Ksize_t {aka long unsigned int}[m[K
[12.253s] [01m[K/home/ubuntu/turtlebot3_ws/src/raspicam2_node/src/raspicam.cpp:117:53:[m[K [01;36m[Knote: [m[Kformat string is defined here
[12.254s]   117 |       vcos_log_error("Failed to write buffer data ([01;36m[K%d[m[K from %d)- aborting", bytes_written, buffer->length);
[12.254s]       |                                                    [01;36m[K~^[m[K
[12.255s]       |                                                     [01;36m[K|[m[K
[12.255s]       |                                                     [01;36m[Kint[m[K
[12.256s]       |                                                    [32m[K%ld[m[K
[12.256s] [01m[K/home/ubuntu/turtlebot3_ws/src/raspicam2_node/src/raspicam.cpp:118:17:[m[K [01;35m[Kwarning: [m[Kformat ‘[01m[K%d[m[K’ expects argument of type ‘[01m[Kint[m[K’, but argument 3 has type ‘[01m[Ksize_t[m[K’ {aka ‘[01m[Klong unsigned int[m[K’} [[01;35m[K-Wformat=[m[K]
[12.257s]   118 |       ROS_ERROR([01;35m[K"Failed to write buffer data (%d from %d)- aborting"[m[K, [32m[Kbytes_written[m[K, buffer->length);
[12.258s]       |                 [01;35m[K^~~~~~~~~~~~~~~~~~~~~~~~~~~~~~~~~~~~~~~~~~~~~~~~~~~~[m[K  [32m[K~~~~~~~~~~~~~[m[K
[12.258s]       |                                                                       [32m[K|[m[K
[12.258s]       |                                                                       [32m[Ksize_t {aka long unsigned int}[m[K
[12.259s] [01m[K/home/ubuntu/turtlebot3_ws/src/raspicam2_node/src/raspicam.cpp:45:40:[m[K [01;36m[Knote: [m[Kin definition of macro ‘[01m[KROS_ERROR[m[K’
[12.259s]    45 | #define ROS_ERROR(...) fprintf(stderr, [01;36m[K__VA_ARGS__[m[K);
[12.260s]       |                                        [01;36m[K^~~~~~~~~~~[m[K
[12.260s] [01m[K/home/ubuntu/turtlebot3_ws/src/raspicam2_node/src/raspicam.cpp:118:48:[m[K [01;36m[Knote: [m[Kformat string is defined here
[12.260s]   118 |       ROS_ERROR("Failed to write buffer data ([01;36m[K%d[m[K from %d)- aborting", bytes_written, buffer->length);
[12.261s]       |                                               [01;36m[K~^[m[K
[12.261s]       |                                                [01;36m[K|[m[K
[12.261s]       |                                                [01;36m[Kint[m[K
[12.262s]       |                                               [32m[K%ld[m[K
[12.262s] In file included from [01m[K/usr/include/interface/vcos/vcos.h:144[m[K,
[12.262s]                  from [01m[K/usr/include/interface/vmcs_host/vc_dispmanx.h:33[m[K,
[12.263s]                  from [01m[K/usr/include/bcm_host.h:50[m[K,
[12.263s]                  from [01m[K/home/ubuntu/turtlebot3_ws/src/raspicam2_node/src/raspicam.cpp:32[m[K:
[12.264s] [01m[K/home/ubuntu/turtlebot3_ws/src/raspicam2_node/src/raspicam.cpp:[m[K In function ‘[01m[Kvoid splitter_buffer_callback(MMAL_PORT_T*, MMAL_BUFFER_HEADER_T*)[m[K’:
[12.264s] [01m[K/home/ubuntu/turtlebot3_ws/src/raspicam2_node/src/raspicam.cpp:268:22:[m[K [01;35m[Kwarning: [m[Kformat ‘[01m[K%d[m[K’ expects argument of type ‘[01m[Kint[m[K’, but argument 4 has type ‘[01m[Ksize_t[m[K’ {aka ‘[01m[Klong unsigned int[m[K’} [[01;35m[K-Wformat=[m[K]
[12.264s]   268 |       vcos_log_error([01;35m[K"Failed to write buffer data (%d from %d)- aborting"[m[K, [32m[Kbytes_written[m[K, buffer->length);
[12.265s]       |                      [01;35m[K^~~~~~~~~~~~~~~~~~~~~~~~~~~~~~~~~~~~~~~~~~~~~~~~~~~~[m[K  [32m[K~~~~~~~~~~~~~[m[K
[12.265s]       |                                                                            [32m[K|[m[K
[12.265s]       |                                                                            [32m[Ksize_t {aka long unsigned int}[m[K
[12.266s] [01m[K/home/ubuntu/turtlebot3_ws/src/raspicam2_node/src/raspicam.cpp:268:53:[m[K [01;36m[Knote: [m[Kformat string is defined here
[12.266s]   268 |       vcos_log_error("Failed to write buffer data ([01;36m[K%d[m[K from %d)- aborting", bytes_written, buffer->length);
[12.267s]       |                                                    [01;36m[K~^[m[K
[12.267s]       |                                                     [01;36m[K|[m[K
[12.268s]       |                                                     [01;36m[Kint[m[K
[12.268s]       |                                                    [32m[K%ld[m[K
[12.268s] [01m[K/home/ubuntu/turtlebot3_ws/src/raspicam2_node/src/raspicam.cpp:269:17:[m[K [01;35m[Kwarning: [m[Kformat ‘[01m[K%d[m[K’ expects argument of type ‘[01m[Kint[m[K’, but argument 3 has type ‘[01m[Ksize_t[m[K’ {aka ‘[01m[Klong unsigned int[m[K’} [[01;35m[K-Wformat=[m[K]
[12.269s]   269 |       ROS_ERROR([01;35m[K"Failed to write buffer data (%d from %d)- aborting"[m[K, [32m[Kbytes_written[m[K, buffer->length);
[12.269s]       |                 [01;35m[K^~~~~~~~~~~~~~~~~~~~~~~~~~~~~~~~~~~~~~~~~~~~~~~~~~~~[m[K  [32m[K~~~~~~~~~~~~~[m[K
[12.269s]       |                                                                       [32m[K|[m[K
[12.270s]       |                                                                       [32m[Ksize_t {aka long unsigned int}[m[K
[12.270s] [01m[K/home/ubuntu/turtlebot3_ws/src/raspicam2_node/src/raspicam.cpp:45:40:[m[K [01;36m[Knote: [m[Kin definition of macro ‘[01m[KROS_ERROR[m[K’
[12.271s]    45 | #define ROS_ERROR(...) fprintf(stderr, [01;36m[K__VA_ARGS__[m[K);
[12.271s]       |                                        [01;36m[K^~~~~~~~~~~[m[K
[12.271s] [01m[K/home/ubuntu/turtlebot3_ws/src/raspicam2_node/src/raspicam.cpp:269:48:[m[K [01;36m[Knote: [m[Kformat string is defined here
[12.272s]   269 |       ROS_ERROR("Failed to write buffer data ([01;36m[K%d[m[K from %d)- aborting", bytes_written, buffer->length);
[12.272s]       |                                               [01;36m[K~^[m[K
[12.272s]       |                                                [01;36m[K|[m[K
[12.273s]       |                                                [01;36m[Kint[m[K
[12.273s]       |                                               [32m[K%ld[m[K
[13.124s] [ 71%] [32m[1mLinking CXX shared library libraspicam.so[0m
[13.376s] [ 71%] Built target raspicam
[13.415s] [35m[1mScanning dependencies of target RasPiCamPublisherNode[0m
[13.793s] [ 78%] [32mBuilding CXX object CMakeFiles/RasPiCamPublisherNode.dir/src/RasPiCamPublisherNode.cpp.o[0m
[19.746s] [01m[K/home/ubuntu/turtlebot3_ws/src/raspicam2_node/src/RasPiCamPublisherNode.cpp:[m[K In member function ‘[01m[Kvoid RasPiCamPublisher::onMotion(const uint8_t*, const uint8_t*)[m[K’:
[19.747s] [01m[K/home/ubuntu/turtlebot3_ws/src/raspicam2_node/src/RasPiCamPublisherNode.cpp:177:49:[m[K [01;35m[Kwarning: [m[Kunused parameter ‘[01m[Kstart[m[K’ [[01;35m[K-Wunused-parameter[m[K]
[19.747s]   177 | void RasPiCamPublisher::onMotion([01;35m[Kconst uint8_t* start[m[K, const uint8_t* end) { }
[19.748s]       |                                  [01;35m[K~~~~~~~~~~~~~~~^~~~~[m[K
[19.748s] [01m[K/home/ubuntu/turtlebot3_ws/src/raspicam2_node/src/RasPiCamPublisherNode.cpp:177:71:[m[K [01;35m[Kwarning: [m[Kunused parameter ‘[01m[Kend[m[K’ [[01;35m[K-Wunused-parameter[m[K]
[19.749s]   177 | void RasPiCamPublisher::onMotion(const uint8_t* start, [01;35m[Kconst uint8_t* end[m[K) { }
[19.749s]       |                                                        [01;35m[K~~~~~~~~~~~~~~~^~~[m[K
[23.534s] In file included from [01m[K/home/ubuntu/turtlebot3_ws/src/raspicam2_node/include/RasPiCamPublisherNode.hpp:9[m[K,
[23.535s]                  from [01m[K/home/ubuntu/turtlebot3_ws/src/raspicam2_node/src/RasPiCamPublisherNode.cpp:1[m[K:
[23.535s] [01m[K/home/ubuntu/turtlebot3_ws/src/raspicam2_node/include/raspicam.h:[m[K At global scope:
[23.536s] [01m[K/home/ubuntu/turtlebot3_ws/src/raspicam2_node/include/raspicam.h:96:13:[m[K [01;35m[Kwarning: [m[K‘[01m[Kvoid image_encoder_buffer_callback(MMAL_PORT_T*, MMAL_BUFFER_HEADER_T*)[m[K’ declared ‘[01m[Kstatic[m[K’ but never defined [[01;35m[K-Wunused-function[m[K]
[23.536s]    96 | static void [01;35m[Kimage_encoder_buffer_callback[m[K(MMAL_PORT_T* port, MMAL_BUFFER_HEADER_T* buffer);
[23.537s]       |             [01;35m[K^~~~~~~~~~~~~~~~~~~~~~~~~~~~~[m[K
[23.537s] [01m[K/home/ubuntu/turtlebot3_ws/src/raspicam2_node/include/raspicam.h:106:13:[m[K [01;35m[Kwarning: [m[K‘[01m[Kvoid video_encoder_buffer_callback(MMAL_PORT_T*, MMAL_BUFFER_HEADER_T*)[m[K’ declared ‘[01m[Kstatic[m[K’ but never defined [[01;35m[K-Wunused-function[m[K]
[23.538s]   106 | static void [01;35m[Kvideo_encoder_buffer_callback[m[K(MMAL_PORT_T* port, MMAL_BUFFER_HEADER_T* buffer);
[23.538s]       |             [01;35m[K^~~~~~~~~~~~~~~~~~~~~~~~~~~~~[m[K
[23.538s] [01m[K/home/ubuntu/turtlebot3_ws/src/raspicam2_node/include/raspicam.h:108:13:[m[K [01;35m[Kwarning: [m[K‘[01m[Kvoid splitter_buffer_callback(MMAL_PORT_T*, MMAL_BUFFER_HEADER_T*)[m[K’ declared ‘[01m[Kstatic[m[K’ but never defined [[01;35m[K-Wunused-function[m[K]
[23.539s]   108 | static void [01;35m[Ksplitter_buffer_callback[m[K(MMAL_PORT_T* port, MMAL_BUFFER_HEADER_T* buffer);
[23.539s]       |             [01;35m[K^~~~~~~~~~~~~~~~~~~~~~~~[m[K
[23.540s] [01m[K/home/ubuntu/turtlebot3_ws/src/raspicam2_node/include/raspicam.h:118:26:[m[K [01;35m[Kwarning: [m[K‘[01m[KMMAL_COMPONENT_T* create_camera_component(RASPIVID_STATE&)[m[K’ declared ‘[01m[Kstatic[m[K’ but never defined [[01;35m[K-Wunused-function[m[K]
[23.540s]   118 | static MMAL_COMPONENT_T* [01;35m[Kcreate_camera_component[m[K(RASPIVID_STATE& state);
[23.541s]       |                          [01;35m[K^~~~~~~~~~~~~~~~~~~~~~~[m[K
[23.541s] [01m[K/home/ubuntu/turtlebot3_ws/src/raspicam2_node/include/raspicam.h:128:22:[m[K [01;35m[Kwarning: [m[K‘[01m[KMMAL_STATUS_T create_image_encoder_component(RASPIVID_STATE&)[m[K’ declared ‘[01m[Kstatic[m[K’ but never defined [[01;35m[K-Wunused-function[m[K]
[23.541s]   128 | static MMAL_STATUS_T [01;35m[Kcreate_image_encoder_component[m[K(RASPIVID_STATE& state);
[23.542s]       |                      [01;35m[K^~~~~~~~~~~~~~~~~~~~~~~~~~~~~~[m[K
[23.542s] [01m[K/home/ubuntu/turtlebot3_ws/src/raspicam2_node/include/raspicam.h:138:22:[m[K [01;35m[Kwarning: [m[K‘[01m[KMMAL_STATUS_T create_video_encoder_component(RASPIVID_STATE&)[m[K’ declared ‘[01m[Kstatic[m[K’ but never defined [[01;35m[K-Wunused-function[m[K]
[23.543s]   138 | static MMAL_STATUS_T [01;35m[Kcreate_video_encoder_component[m[K(RASPIVID_STATE& state);
[23.543s]       |                      [01;35m[K^~~~~~~~~~~~~~~~~~~~~~~~~~~~~~[m[K
[23.543s] [01m[K/home/ubuntu/turtlebot3_ws/src/raspicam2_node/include/raspicam.h:148:22:[m[K [01;35m[Kwarning: [m[K‘[01m[KMMAL_STATUS_T create_splitter_component(RASPIVID_STATE&)[m[K’ declared ‘[01m[Kstatic[m[K’ but never defined [[01;35m[K-Wunused-function[m[K]
[23.544s]   148 | static MMAL_STATUS_T [01;35m[Kcreate_splitter_component[m[K(RASPIVID_STATE& state);
[23.544s]       |                      [01;35m[K^~~~~~~~~~~~~~~~~~~~~~~~~[m[K
[23.545s] [01m[K/home/ubuntu/turtlebot3_ws/src/raspicam2_node/include/raspicam.h:160:22:[m[K [01;35m[Kwarning: [m[K‘[01m[KMMAL_STATUS_T connect_ports(MMAL_PORT_T*, MMAL_PORT_T*, mmal::connection_ptr&)[m[K’ declared ‘[01m[Kstatic[m[K’ but never defined [[01;35m[K-Wunused-function[m[K]
[23.545s]   160 | static MMAL_STATUS_T [01;35m[Kconnect_ports[m[K(MMAL_PORT_T* output_port, MMAL_PORT_T* input_port,
[23.546s]       |                      [01;35m[K^~~~~~~~~~~~~[m[K
[31.592s] [ 85%] [32m[1mLinking CXX shared library libRasPiCamPublisherNode.so[0m
[32.452s] [ 85%] Built target RasPiCamPublisherNode
[32.492s] [35m[1mScanning dependencies of target raspicam2_node[0m
[32.682s] [ 92%] [32mBuilding CXX object CMakeFiles/raspicam2_node.dir/src/raspicam2_node.cpp.o[0m
[40.204s] In file included from [01m[K/home/ubuntu/turtlebot3_ws/src/raspicam2_node/include/RasPiCamPublisherNode.hpp:9[m[K,
[40.204s]                  from [01m[K/home/ubuntu/turtlebot3_ws/src/raspicam2_node/src/raspicam2_node.cpp:1[m[K:
[40.205s] [01m[K/home/ubuntu/turtlebot3_ws/src/raspicam2_node/include/raspicam.h:96:13:[m[K [01;35m[Kwarning: [m[K‘[01m[Kvoid image_encoder_buffer_callback(MMAL_PORT_T*, MMAL_BUFFER_HEADER_T*)[m[K’ declared ‘[01m[Kstatic[m[K’ but never defined [[01;35m[K-Wunused-function[m[K]
[40.205s]    96 | static void [01;35m[Kimage_encoder_buffer_callback[m[K(MMAL_PORT_T* port, MMAL_BUFFER_HEADER_T* buffer);
[40.205s]       |             [01;35m[K^~~~~~~~~~~~~~~~~~~~~~~~~~~~~[m[K
[40.206s] [01m[K/home/ubuntu/turtlebot3_ws/src/raspicam2_node/include/raspicam.h:106:13:[m[K [01;35m[Kwarning: [m[K‘[01m[Kvoid video_encoder_buffer_callback(MMAL_PORT_T*, MMAL_BUFFER_HEADER_T*)[m[K’ declared ‘[01m[Kstatic[m[K’ but never defined [[01;35m[K-Wunused-function[m[K]
[40.206s]   106 | static void [01;35m[Kvideo_encoder_buffer_callback[m[K(MMAL_PORT_T* port, MMAL_BUFFER_HEADER_T* buffer);
[40.207s]       |             [01;35m[K^~~~~~~~~~~~~~~~~~~~~~~~~~~~~[m[K
[40.207s] [01m[K/home/ubuntu/turtlebot3_ws/src/raspicam2_node/include/raspicam.h:108:13:[m[K [01;35m[Kwarning: [m[K‘[01m[Kvoid splitter_buffer_callback(MMAL_PORT_T*, MMAL_BUFFER_HEADER_T*)[m[K’ declared ‘[01m[Kstatic[m[K’ but never defined [[01;35m[K-Wunused-function[m[K]
[40.207s]   108 | static void [01;35m[Ksplitter_buffer_callback[m[K(MMAL_PORT_T* port, MMAL_BUFFER_HEADER_T* buffer);
[40.208s]       |             [01;35m[K^~~~~~~~~~~~~~~~~~~~~~~~[m[K
[40.208s] [01m[K/home/ubuntu/turtlebot3_ws/src/raspicam2_node/include/raspicam.h:118:26:[m[K [01;35m[Kwarning: [m[K‘[01m[KMMAL_COMPONENT_T* create_camera_component(RASPIVID_STATE&)[m[K’ declared ‘[01m[Kstatic[m[K’ but never defined [[01;35m[K-Wunused-function[m[K]
[40.209s]   118 | static MMAL_COMPONENT_T* [01;35m[Kcreate_camera_component[m[K(RASPIVID_STATE& state);
[40.209s]       |                          [01;35m[K^~~~~~~~~~~~~~~~~~~~~~~[m[K
[40.210s] [01m[K/home/ubuntu/turtlebot3_ws/src/raspicam2_node/include/raspicam.h:128:22:[m[K [01;35m[Kwarning: [m[K‘[01m[KMMAL_STATUS_T create_image_encoder_component(RASPIVID_STATE&)[m[K’ declared ‘[01m[Kstatic[m[K’ but never defined [[01;35m[K-Wunused-function[m[K]
[40.210s]   128 | static MMAL_STATUS_T [01;35m[Kcreate_image_encoder_component[m[K(RASPIVID_STATE& state);
[40.210s]       |                      [01;35m[K^~~~~~~~~~~~~~~~~~~~~~~~~~~~~~[m[K
[40.211s] [01m[K/home/ubuntu/turtlebot3_ws/src/raspicam2_node/include/raspicam.h:138:22:[m[K [01;35m[Kwarning: [m[K‘[01m[KMMAL_STATUS_T create_video_encoder_component(RASPIVID_STATE&)[m[K’ declared ‘[01m[Kstatic[m[K’ but never defined [[01;35m[K-Wunused-function[m[K]
[40.211s]   138 | static MMAL_STATUS_T [01;35m[Kcreate_video_encoder_component[m[K(RASPIVID_STATE& state);
[40.212s]       |                      [01;35m[K^~~~~~~~~~~~~~~~~~~~~~~~~~~~~~[m[K
[40.212s] [01m[K/home/ubuntu/turtlebot3_ws/src/raspicam2_node/include/raspicam.h:148:22:[m[K [01;35m[Kwarning: [m[K‘[01m[KMMAL_STATUS_T create_splitter_component(RASPIVID_STATE&)[m[K’ declared ‘[01m[Kstatic[m[K’ but never defined [[01;35m[K-Wunused-function[m[K]
[40.212s]   148 | static MMAL_STATUS_T [01;35m[Kcreate_splitter_component[m[K(RASPIVID_STATE& state);
[40.213s]       |                      [01;35m[K^~~~~~~~~~~~~~~~~~~~~~~~~[m[K
[40.213s] [01m[K/home/ubuntu/turtlebot3_ws/src/raspicam2_node/include/raspicam.h:160:22:[m[K [01;35m[Kwarning: [m[K‘[01m[KMMAL_STATUS_T connect_ports(MMAL_PORT_T*, MMAL_PORT_T*, mmal::connection_ptr&)[m[K’ declared ‘[01m[Kstatic[m[K’ but never defined [[01;35m[K-Wunused-function[m[K]
[40.214s]   160 | static MMAL_STATUS_T [01;35m[Kconnect_ports[m[K(MMAL_PORT_T* output_port, MMAL_PORT_T* input_port,
[40.214s]       |                      [01;35m[K^~~~~~~~~~~~~[m[K
[40.762s] [100%] [32m[1mLinking CXX executable raspicam2_node[0m
[41.605s] [100%] Built target raspicam2_node
[41.648s] Invoked command in '/home/ubuntu/turtlebot3_ws/build/raspicam2' returned '0': CMAKE_PREFIX_PATH=${CMAKE_PREFIX_PATH}:/home/ubuntu/turtlebot3_ws/install/turtlebot3_teleop:/home/ubuntu/turtlebot3_ws/install/turtlebot3_example:/opt/ros/foxy /usr/bin/cmake --build /home/ubuntu/turtlebot3_ws/build/raspicam2 -- -j4 -l4
[41.853s] Invoking command in '/home/ubuntu/turtlebot3_ws/build/raspicam2': CMAKE_PREFIX_PATH=${CMAKE_PREFIX_PATH}:/home/ubuntu/turtlebot3_ws/install/turtlebot3_teleop:/home/ubuntu/turtlebot3_ws/install/turtlebot3_example:/opt/ros/foxy /usr/bin/cmake --install /home/ubuntu/turtlebot3_ws/build/raspicam2
[41.884s] -- Install configuration: ""
[41.886s] -- Execute custom install script
[41.888s] -- Symlinking: /home/ubuntu/turtlebot3_ws/install/raspicam2/lib/libRasPiCamPublisherNode.so
[41.920s] -- Symlinking: /home/ubuntu/turtlebot3_ws/install/raspicam2/lib/libraspicam.so
[41.953s] -- Symlinking: /home/ubuntu/turtlebot3_ws/install/raspicam2/lib/raspicam2/raspicam2_node
[41.988s] -- Symlinking: /home/ubuntu/turtlebot3_ws/install/raspicam2/share/raspicam2/cfg/params.yaml
[42.022s] -- Symlinking: /home/ubuntu/turtlebot3_ws/install/raspicam2/share/ament_index/resource_index/package_run_dependencies/raspicam2
[42.055s] -- Symlinking: /home/ubuntu/turtlebot3_ws/install/raspicam2/share/ament_index/resource_index/parent_prefix_path/raspicam2
[42.088s] -- Symlinking: /home/ubuntu/turtlebot3_ws/install/raspicam2/share/raspicam2/environment/ament_prefix_path.sh
[42.121s] -- Symlinking: /home/ubuntu/turtlebot3_ws/install/raspicam2/share/raspicam2/environment/ament_prefix_path.dsv
[42.153s] -- Symlinking: /home/ubuntu/turtlebot3_ws/install/raspicam2/share/raspicam2/environment/path.sh
[42.186s] -- Symlinking: /home/ubuntu/turtlebot3_ws/install/raspicam2/share/raspicam2/environment/path.dsv
[42.218s] -- Symlinking: /home/ubuntu/turtlebot3_ws/install/raspicam2/share/raspicam2/local_setup.bash
[42.251s] -- Symlinking: /home/ubuntu/turtlebot3_ws/install/raspicam2/share/raspicam2/local_setup.sh
[42.284s] -- Symlinking: /home/ubuntu/turtlebot3_ws/install/raspicam2/share/raspicam2/local_setup.zsh
[42.316s] -- Symlinking: /home/ubuntu/turtlebot3_ws/install/raspicam2/share/raspicam2/local_setup.dsv
[42.349s] -- Symlinking: /home/ubuntu/turtlebot3_ws/install/raspicam2/share/raspicam2/package.dsv
[42.382s] -- Symlinking: /home/ubuntu/turtlebot3_ws/install/raspicam2/share/ament_index/resource_index/packages/raspicam2
[42.415s] -- Symlinking: /home/ubuntu/turtlebot3_ws/install/raspicam2/share/ament_index/resource_index/rclcpp_components/raspicam2
[42.460s] -- Symlinking: /home/ubuntu/turtlebot3_ws/install/raspicam2/share/raspicam2/cmake/raspicam2Config.cmake
[42.493s] -- Symlinking: /home/ubuntu/turtlebot3_ws/install/raspicam2/share/raspicam2/cmake/raspicam2Config-version.cmake
[42.525s] -- Symlinking: /home/ubuntu/turtlebot3_ws/install/raspicam2/share/raspicam2/package.xml
[42.567s] Invoked command in '/home/ubuntu/turtlebot3_ws/build/raspicam2' returned '0': CMAKE_PREFIX_PATH=${CMAKE_PREFIX_PATH}:/home/ubuntu/turtlebot3_ws/install/turtlebot3_teleop:/home/ubuntu/turtlebot3_ws/install/turtlebot3_example:/opt/ros/foxy /usr/bin/cmake --install /home/ubuntu/turtlebot3_ws/build/raspicam2
