-- Found ament_cmake: 0.9.8 (/opt/ros/foxy/share/ament_cmake/cmake)
-- Using PYTHON_EXECUTABLE: /usr/bin/python3
-- Override CMake install command with custom implementation using symlinks instead of copying resources
-- Found rclcpp: 2.3.1 (/opt/ros/foxy/share/rclcpp/cmake)
-- Using all available rosidl_typesupport_c: rosidl_typesupport_fastrtps_c;rosidl_typesupport_introspection_c
-- Found rosidl_adapter: 1.2.1 (/opt/ros/foxy/share/rosidl_adapter/cmake)
-- Using all available rosidl_typesupport_cpp: rosidl_typesupport_fastrtps_cpp;rosidl_typesupport_introspection_cpp
-- Found rmw_implementation_cmake: 1.0.3 (/opt/ros/foxy/share/rmw_implementation_cmake/cmake)
-- Using RMW implementation 'rmw_fastrtps_cpp' as default
-- Found rclcpp_components: 2.3.1 (/opt/ros/foxy/share/rclcpp_components/cmake)
-- Found sensor_msgs: 2.0.4 (/opt/ros/foxy/share/sensor_msgs/cmake)
-- Configuring done
-- Generating done
-- Build files have been written to: /home/ubuntu/colcon_ws/build/raspicam2
[35m[1mScanning dependencies of target raspicam_common[0m
[  7%] [32mBuilding C object CMakeFiles/raspicam_common.dir/src/RaspiCamControl.c.o[0m
[ 14%] [32mBuilding C object CMakeFiles/raspicam_common.dir/src/RaspiCLI.c.o[0m
[ 21%] [32mBuilding C object CMakeFiles/raspicam_common.dir/src/RaspiPreview.c.o[0m
[ 28%] [32mBuilding C object CMakeFiles/raspicam_common.dir/src/RaspiCommonSettings.c.o[0m
[ 35%] [32mBuilding C object CMakeFiles/raspicam_common.dir/src/RaspiHelpers.c.o[0m
[ 42%] [32mBuilding C object CMakeFiles/raspicam_common.dir/src/RaspiGPS.c.o[0m
[ 50%] [32mBuilding C object CMakeFiles/raspicam_common.dir/src/libgps_loader.c.o[0m
[ 57%] [32m[1mLinking C static library libraspicam_common.a[0m
[ 57%] Built target raspicam_common
[35m[1mScanning dependencies of target raspicam[0m
[ 64%] [32mBuilding CXX object CMakeFiles/raspicam.dir/src/raspicam.cpp.o[0m
[ 71%] [32m[1mLinking CXX shared library libraspicam.so[0m
[ 71%] Built target raspicam
[35m[1mScanning dependencies of target RasPiCamPublisherNode[0m
[ 78%] [32mBuilding CXX object CMakeFiles/RasPiCamPublisherNode.dir/src/RasPiCamPublisherNode.cpp.o[0m
[ 85%] [32m[1mLinking CXX shared library libRasPiCamPublisherNode.so[0m
[ 85%] Built target RasPiCamPublisherNode
[35m[1mScanning dependencies of target raspicam2_node[0m
[ 92%] [32mBuilding CXX object CMakeFiles/raspicam2_node.dir/src/raspicam2_node.cpp.o[0m
[100%] [32m[1mLinking CXX executable raspicam2_node[0m
[100%] Built target raspicam2_node
-- Install configuration: ""
-- Execute custom install script
-- Symlinking: /home/ubuntu/colcon_ws/install/raspicam2/lib/libRasPiCamPublisherNode.so
-- Symlinking: /home/ubuntu/colcon_ws/install/raspicam2/lib/libraspicam.so
-- Symlinking: /home/ubuntu/colcon_ws/install/raspicam2/lib/raspicam2/raspicam2_node
-- Symlinking: /home/ubuntu/colcon_ws/install/raspicam2/share/raspicam2/cfg/params.yaml
-- Symlinking: /home/ubuntu/colcon_ws/install/raspicam2/share/ament_index/resource_index/package_run_dependencies/raspicam2
-- Symlinking: /home/ubuntu/colcon_ws/install/raspicam2/share/ament_index/resource_index/parent_prefix_path/raspicam2
-- Symlinking: /home/ubuntu/colcon_ws/install/raspicam2/share/raspicam2/environment/ament_prefix_path.sh
-- Symlinking: /home/ubuntu/colcon_ws/install/raspicam2/share/raspicam2/environment/ament_prefix_path.dsv
-- Symlinking: /home/ubuntu/colcon_ws/install/raspicam2/share/raspicam2/environment/path.sh
-- Symlinking: /home/ubuntu/colcon_ws/install/raspicam2/share/raspicam2/environment/path.dsv
-- Symlinking: /home/ubuntu/colcon_ws/install/raspicam2/share/raspicam2/local_setup.bash
-- Symlinking: /home/ubuntu/colcon_ws/install/raspicam2/share/raspicam2/local_setup.sh
-- Symlinking: /home/ubuntu/colcon_ws/install/raspicam2/share/raspicam2/local_setup.zsh
-- Symlinking: /home/ubuntu/colcon_ws/install/raspicam2/share/raspicam2/local_setup.dsv
-- Symlinking: /home/ubuntu/colcon_ws/install/raspicam2/share/raspicam2/package.dsv
-- Symlinking: /home/ubuntu/colcon_ws/install/raspicam2/share/ament_index/resource_index/packages/raspicam2
-- Symlinking: /home/ubuntu/colcon_ws/install/raspicam2/share/ament_index/resource_index/rclcpp_components/raspicam2
-- Symlinking: /home/ubuntu/colcon_ws/install/raspicam2/share/raspicam2/cmake/raspicam2Config.cmake
-- Symlinking: /home/ubuntu/colcon_ws/install/raspicam2/share/raspicam2/cmake/raspicam2Config-version.cmake
-- Symlinking: /home/ubuntu/colcon_ws/install/raspicam2/share/raspicam2/package.xml
