[0.063s] Invoking command in '/home/ubuntu/turtlebot3_ws/build/launch_joy_robot': CMAKE_PREFIX_PATH=${CMAKE_PREFIX_PATH}:/home/ubuntu/turtlebot3_ws/install/turtlebot3_teleop:/home/ubuntu/turtlebot3_ws/install/turtlebot3_example:/opt/ros/foxy /usr/bin/cmake /home/ubuntu/turtlebot3_ws/src/launch_joy_robot -DCMAKE_INSTALL_PREFIX=/home/ubuntu/turtlebot3_ws/install/launch_joy_robot
[1.111s] -- The C compiler identification is GNU 9.3.0
[1.870s] -- The CXX compiler identification is GNU 9.3.0
[1.904s] -- Check for working C compiler: /usr/bin/cc
[2.220s] -- Check for working C compiler: /usr/bin/cc -- works
[2.226s] -- Detecting C compiler ABI info
[2.515s] -- Detecting C compiler ABI info - done
[2.555s] -- Detecting C compile features
[2.557s] -- Detecting C compile features - done
[2.570s] -- Check for working CXX compiler: /usr/bin/c++
[2.885s] -- Check for working CXX compiler: /usr/bin/c++ -- works
[2.889s] -- Detecting CXX compiler ABI info
[3.251s] -- Detecting CXX compiler ABI info - done
[3.309s] -- Detecting CXX compile features
[3.311s] -- Detecting CXX compile features - done
[3.345s] -- Found ament_cmake: 0.9.9 (/opt/ros/foxy/share/ament_cmake/cmake)
[3.517s] -- Found PythonInterp: /usr/bin/python3 (found suitable version "3.8.10", minimum required is "3") 
[3.517s] -- Using PYTHON_EXECUTABLE: /usr/bin/python3
[4.516s] -- Found ament_lint_auto: 0.9.6 (/opt/ros/foxy/share/ament_lint_auto/cmake)
[4.995s] -- Added test 'copyright' to check source files copyright and LICENSE
[5.011s] -- Added test 'flake8' to check Python code syntax and style conventions
[5.016s] -- Added test 'lint_cmake' to check CMake code style
[5.020s] -- Added test 'pep257' to check Python code against some of the style conventions in PEP 257
[5.029s] -- Added test 'xmllint' to check XML markup files
[5.046s] -- Configuring done
[5.056s] -- Generating done
[5.060s] -- Build files have been written to: /home/ubuntu/turtlebot3_ws/build/launch_joy_robot
[5.072s] Invoked command in '/home/ubuntu/turtlebot3_ws/build/launch_joy_robot' returned '0': CMAKE_PREFIX_PATH=${CMAKE_PREFIX_PATH}:/home/ubuntu/turtlebot3_ws/install/turtlebot3_teleop:/home/ubuntu/turtlebot3_ws/install/turtlebot3_example:/opt/ros/foxy /usr/bin/cmake /home/ubuntu/turtlebot3_ws/src/launch_joy_robot -DCMAKE_INSTALL_PREFIX=/home/ubuntu/turtlebot3_ws/install/launch_joy_robot
[5.081s] Invoking command in '/home/ubuntu/turtlebot3_ws/build/launch_joy_robot': CMAKE_PREFIX_PATH=${CMAKE_PREFIX_PATH}:/home/ubuntu/turtlebot3_ws/install/turtlebot3_teleop:/home/ubuntu/turtlebot3_ws/install/turtlebot3_example:/opt/ros/foxy /usr/bin/cmake --build /home/ubuntu/turtlebot3_ws/build/launch_joy_robot -- -j4 -l4
[5.231s] Invoked command in '/home/ubuntu/turtlebot3_ws/build/launch_joy_robot' returned '0': CMAKE_PREFIX_PATH=${CMAKE_PREFIX_PATH}:/home/ubuntu/turtlebot3_ws/install/turtlebot3_teleop:/home/ubuntu/turtlebot3_ws/install/turtlebot3_example:/opt/ros/foxy /usr/bin/cmake --build /home/ubuntu/turtlebot3_ws/build/launch_joy_robot -- -j4 -l4
[5.366s] Invoking command in '/home/ubuntu/turtlebot3_ws/build/launch_joy_robot': CMAKE_PREFIX_PATH=${CMAKE_PREFIX_PATH}:/home/ubuntu/turtlebot3_ws/install/turtlebot3_teleop:/home/ubuntu/turtlebot3_ws/install/turtlebot3_example:/opt/ros/foxy /usr/bin/cmake --install /home/ubuntu/turtlebot3_ws/build/launch_joy_robot
[5.398s] -- Install configuration: ""
[5.399s] -- Installing: /home/ubuntu/turtlebot3_ws/install/launch_joy_robot/share/ament_index/resource_index/package_run_dependencies/launch_joy_robot
[5.401s] -- Installing: /home/ubuntu/turtlebot3_ws/install/launch_joy_robot/share/ament_index/resource_index/parent_prefix_path/launch_joy_robot
[5.402s] -- Installing: /home/ubuntu/turtlebot3_ws/install/launch_joy_robot/share/launch_joy_robot/environment/ament_prefix_path.sh
[5.403s] -- Installing: /home/ubuntu/turtlebot3_ws/install/launch_joy_robot/share/launch_joy_robot/environment/ament_prefix_path.dsv
[5.404s] -- Installing: /home/ubuntu/turtlebot3_ws/install/launch_joy_robot/share/launch_joy_robot/environment/path.sh
[5.406s] -- Installing: /home/ubuntu/turtlebot3_ws/install/launch_joy_robot/share/launch_joy_robot/environment/path.dsv
[5.407s] -- Installing: /home/ubuntu/turtlebot3_ws/install/launch_joy_robot/share/launch_joy_robot/local_setup.bash
[5.408s] -- Installing: /home/ubuntu/turtlebot3_ws/install/launch_joy_robot/share/launch_joy_robot/local_setup.sh
[5.409s] -- Installing: /home/ubuntu/turtlebot3_ws/install/launch_joy_robot/share/launch_joy_robot/local_setup.zsh
[5.410s] -- Installing: /home/ubuntu/turtlebot3_ws/install/launch_joy_robot/share/launch_joy_robot/local_setup.dsv
[5.411s] -- Installing: /home/ubuntu/turtlebot3_ws/install/launch_joy_robot/share/launch_joy_robot/package.dsv
[5.412s] -- Installing: /home/ubuntu/turtlebot3_ws/install/launch_joy_robot/share/ament_index/resource_index/packages/launch_joy_robot
[5.414s] -- Installing: /home/ubuntu/turtlebot3_ws/install/launch_joy_robot/share/launch_joy_robot/cmake/launch_joy_robotConfig.cmake
[5.415s] -- Installing: /home/ubuntu/turtlebot3_ws/install/launch_joy_robot/share/launch_joy_robot/cmake/launch_joy_robotConfig-version.cmake
[5.416s] -- Installing: /home/ubuntu/turtlebot3_ws/install/launch_joy_robot/share/launch_joy_robot/package.xml
[5.417s] -- Installing: /home/ubuntu/turtlebot3_ws/install/launch_joy_robot/share/launch_joy_robot//launch
[5.417s] -- Installing: /home/ubuntu/turtlebot3_ws/install/launch_joy_robot/share/launch_joy_robot//launch/launch_node.launch.py
[5.425s] Invoked command in '/home/ubuntu/turtlebot3_ws/build/launch_joy_robot' returned '0': CMAKE_PREFIX_PATH=${CMAKE_PREFIX_PATH}:/home/ubuntu/turtlebot3_ws/install/turtlebot3_teleop:/home/ubuntu/turtlebot3_ws/install/turtlebot3_example:/opt/ros/foxy /usr/bin/cmake --install /home/ubuntu/turtlebot3_ws/build/launch_joy_robot
