[0.068s] Invoking command in '/home/ubuntu/turtlebot3_ws/build/robot': CMAKE_PREFIX_PATH=${CMAKE_PREFIX_PATH}:/home/ubuntu/turtlebot3_ws/install/turtlebot3_teleop:/home/ubuntu/turtlebot3_ws/install/turtlebot3_example:/opt/ros/foxy /usr/bin/cmake /home/ubuntu/turtlebot3_ws/src/robot -DAMENT_CMAKE_SYMLINK_INSTALL=1 -DCMAKE_INSTALL_PREFIX=/home/ubuntu/turtlebot3_ws/install/robot
[0.186s] -- Found ament_cmake: 0.9.9 (/opt/ros/foxy/share/ament_cmake/cmake)
[0.426s] -- Using PYTHON_EXECUTABLE: /usr/bin/python3
[1.702s] -- Override CMake install command with custom implementation using symlinks instead of copying resources
[1.751s] -- Found rclpy: 1.0.8 (/opt/ros/foxy/share/rclpy/cmake)
[1.754s] -- Found std_msgs: 2.0.5 (/opt/ros/foxy/share/std_msgs/cmake)
[1.938s] -- Using all available rosidl_typesupport_c: rosidl_typesupport_fastrtps_c;rosidl_typesupport_introspection_c
[1.959s] -- Found rosidl_adapter: 1.2.1 (/opt/ros/foxy/share/rosidl_adapter/cmake)
[3.122s] -- Using all available rosidl_typesupport_cpp: rosidl_typesupport_fastrtps_cpp;rosidl_typesupport_introspection_cpp
[3.399s] -- Found geometry_msgs: 2.0.5 (/opt/ros/foxy/share/geometry_msgs/cmake)
[3.670s] -- Found sensor_msgs: 2.0.5 (/opt/ros/foxy/share/sensor_msgs/cmake)
[4.130s] -- Found ament_lint_auto: 0.9.6 (/opt/ros/foxy/share/ament_lint_auto/cmake)
[4.498s] -- Added test 'copyright' to check source files copyright and LICENSE
[4.509s] -- Added test 'flake8' to check Python code syntax and style conventions
[4.512s] -- Added test 'lint_cmake' to check CMake code style
[4.514s] -- Added test 'pep257' to check Python code against some of the style conventions in PEP 257
[4.523s] -- Added test 'xmllint' to check XML markup files
[4.543s] -- Configuring done
[4.555s] -- Generating done
[4.574s] -- Build files have been written to: /home/ubuntu/turtlebot3_ws/build/robot
[4.595s] Invoked command in '/home/ubuntu/turtlebot3_ws/build/robot' returned '0': CMAKE_PREFIX_PATH=${CMAKE_PREFIX_PATH}:/home/ubuntu/turtlebot3_ws/install/turtlebot3_teleop:/home/ubuntu/turtlebot3_ws/install/turtlebot3_example:/opt/ros/foxy /usr/bin/cmake /home/ubuntu/turtlebot3_ws/src/robot -DAMENT_CMAKE_SYMLINK_INSTALL=1 -DCMAKE_INSTALL_PREFIX=/home/ubuntu/turtlebot3_ws/install/robot
[4.606s] Invoking command in '/home/ubuntu/turtlebot3_ws/build/robot': CMAKE_PREFIX_PATH=${CMAKE_PREFIX_PATH}:/home/ubuntu/turtlebot3_ws/install/turtlebot3_teleop:/home/ubuntu/turtlebot3_ws/install/turtlebot3_example:/opt/ros/foxy /usr/bin/cmake --build /home/ubuntu/turtlebot3_ws/build/robot -- -j4 -l4
[4.780s] Invoked command in '/home/ubuntu/turtlebot3_ws/build/robot' returned '0': CMAKE_PREFIX_PATH=${CMAKE_PREFIX_PATH}:/home/ubuntu/turtlebot3_ws/install/turtlebot3_teleop:/home/ubuntu/turtlebot3_ws/install/turtlebot3_example:/opt/ros/foxy /usr/bin/cmake --build /home/ubuntu/turtlebot3_ws/build/robot -- -j4 -l4
[4.894s] Invoking command in '/home/ubuntu/turtlebot3_ws/build/robot': CMAKE_PREFIX_PATH=${CMAKE_PREFIX_PATH}:/home/ubuntu/turtlebot3_ws/install/turtlebot3_teleop:/home/ubuntu/turtlebot3_ws/install/turtlebot3_example:/opt/ros/foxy /usr/bin/cmake --install /home/ubuntu/turtlebot3_ws/build/robot
[4.929s] -- Install configuration: ""
[4.932s] -- Execute custom install script
[4.933s] -- Symlinking: /home/ubuntu/turtlebot3_ws/install/robot/lib/robot/robot.py
[4.981s] -- Symlinking: /home/ubuntu/turtlebot3_ws/install/robot/share/ament_index/resource_index/package_run_dependencies/robot
[5.011s] -- Symlinking: /home/ubuntu/turtlebot3_ws/install/robot/share/ament_index/resource_index/parent_prefix_path/robot
[5.050s] -- Symlinking: /home/ubuntu/turtlebot3_ws/install/robot/share/robot/environment/ament_prefix_path.sh
[5.089s] -- Symlinking: /home/ubuntu/turtlebot3_ws/install/robot/share/robot/environment/ament_prefix_path.dsv
[5.130s] -- Symlinking: /home/ubuntu/turtlebot3_ws/install/robot/share/robot/environment/path.sh
[5.166s] -- Symlinking: /home/ubuntu/turtlebot3_ws/install/robot/share/robot/environment/path.dsv
[5.204s] -- Symlinking: /home/ubuntu/turtlebot3_ws/install/robot/share/robot/local_setup.bash
[5.242s] -- Symlinking: /home/ubuntu/turtlebot3_ws/install/robot/share/robot/local_setup.sh
[5.279s] -- Symlinking: /home/ubuntu/turtlebot3_ws/install/robot/share/robot/local_setup.zsh
[5.318s] -- Symlinking: /home/ubuntu/turtlebot3_ws/install/robot/share/robot/local_setup.dsv
[5.356s] -- Symlinking: /home/ubuntu/turtlebot3_ws/install/robot/share/robot/package.dsv
[5.393s] -- Symlinking: /home/ubuntu/turtlebot3_ws/install/robot/share/ament_index/resource_index/packages/robot
[5.438s] -- Symlinking: /home/ubuntu/turtlebot3_ws/install/robot/share/robot/cmake/robotConfig.cmake
[5.470s] -- Symlinking: /home/ubuntu/turtlebot3_ws/install/robot/share/robot/cmake/robotConfig-version.cmake
[5.509s] -- Symlinking: /home/ubuntu/turtlebot3_ws/install/robot/share/robot/package.xml
[5.559s] Invoked command in '/home/ubuntu/turtlebot3_ws/build/robot' returned '0': CMAKE_PREFIX_PATH=${CMAKE_PREFIX_PATH}:/home/ubuntu/turtlebot3_ws/install/turtlebot3_teleop:/home/ubuntu/turtlebot3_ws/install/turtlebot3_example:/opt/ros/foxy /usr/bin/cmake --install /home/ubuntu/turtlebot3_ws/build/robot
